[14:22:49] [main/INFO] (Launcher) ModLauncher running: args [--launchTarget, forgeclientdev, --version, 21.1.209, --assetIndex, 1.21.1-17, --assetsDir, G:\gradle\.gradle\caches\fabric-loom\assets, --gameDir, ., --fml.fmlVersion, 4.0.41, --fml.mcVersion, 1.21.1, --fml.neoForgeVersion, 21.1.209, --fml.neoFormVersion, 20240808.144430]
[14:22:49] [main/INFO] (Launcher) JVM identified as Eclipse Adoptium OpenJDK 64-Bit Server VM 21.0.6+7-LTS
[14:22:49] [main/INFO] (Launcher) ModLauncher 11.0.5+main.901c6ea8 starting: java version 21.0.6 by Eclipse Adoptium; OS Windows 10 arch amd64 version 10.0
[14:22:49] [main/INFO] (unprotect) Initializing Unprotect using ModLauncher backend, target: Minecraft and loader classes (minecraft+forge)
[14:22:49] [main/INFO] (ImmediateWindowHandler) Loading ImmediateWindowProvider fmlearlywindow
[14:22:49] [main/INFO] (EARLYDISPLAY) Trying GL version 4.6
[14:22:49] [main/INFO] (EARLYDISPLAY) Trying GL version 4.5
[14:22:49] [main/INFO] (EARLYDISPLAY) Requested GL version 4.5 got version 4.5
[14:22:50] [main/INFO] (mixin) SpongePowered MIXIN Subsystem Version=0.8.7 Source=union:/G:/gradle/.gradle/caches/modules-2/files-2.1/net.fabricmc/sponge-mixin/0.15.2+mixin.0.8.7/2af2f021d8e02a0220dc27a7a72b4666d66d44ca/sponge-mixin-0.15.2+mixin.0.8.7.jar%23126!/ Service=ModLauncher Env=CLIENT
[14:22:50] [main/INFO] (ModDiscoverer) Found mod file "neoforge-21.1.209-minecraft-merged-1.21.1-loom.mappings.1_21_1.layered+hash.40359-v2-neoforge-21.1.209.jar" [locator: neoforge devenv provider ([G:\gradle\.gradle\caches\fabric-loom\minecraftMaven\net\minecraft\neoforge-21.1.209-minecraft-merged\1.21.1-loom.mappings.1_21_1.layered+hash.40359-v2-neoforge-21.1.209\neoforge-21.1.209-minecraft-merged-1.21.1-loom.mappings.1_21_1.layered+hash.40359-v2-neoforge-21.1.209.jar])]
[14:22:50] [main/INFO] (ModDiscoverer) Found mod file "neoforge-21.1.209-minecraft-merged-1.21.1-loom.mappings.1_21_1.layered+hash.40359-v2-neoforge-21.1.209.jar" [locator: neoforge devenv provider ([G:\gradle\.gradle\caches\fabric-loom\minecraftMaven\net\minecraft\neoforge-21.1.209-minecraft-merged\1.21.1-loom.mappings.1_21_1.layered+hash.40359-v2-neoforge-21.1.209\neoforge-21.1.209-minecraft-merged-1.21.1-loom.mappings.1_21_1.layered+hash.40359-v2-neoforge-21.1.209.jar])]
[14:22:50] [main/INFO] (ModDiscoverer) Found mod file "architectury-13.0.8-neoforge.jar" [locator: {mods folder locator at D:\IdeaProjects\MoreQuestTypes\neoforge\run\mods}, reader: mod manifest]
[14:22:50] [main/INFO] (ModDiscoverer) Found mod file "ftb-library-neoforge-2101.1.21.jar" [locator: {mods folder locator at D:\IdeaProjects\MoreQuestTypes\neoforge\run\mods}, reader: mod manifest]
[14:22:50] [main/INFO] (ModDiscoverer) Found mod file "ftb-quests-neoforge-2101.1.16.jar" [locator: {mods folder locator at D:\IdeaProjects\MoreQuestTypes\neoforge\run\mods}, reader: mod manifest]
[14:22:50] [pool-5-thread-1/INFO] (EARLYDISPLAY) GL info: Intel(R) HD Graphics 530 GL version 4.5.0 - Build 22.20.16.4771, Intel
[14:22:50] [main/INFO] (ModDiscoverer) Found mod file "ftb-teams-neoforge-2101.1.4.jar" [locator: {mods folder locator at D:\IdeaProjects\MoreQuestTypes\neoforge\run\mods}, reader: mod manifest]
[14:22:50] [main/INFO] (ModDiscoverer) Found mod file "ftb-xmod-compat-neoforge-21.1.6.jar" [locator: {mods folder locator at D:\IdeaProjects\MoreQuestTypes\neoforge\run\mods}, reader: mod manifest]
[14:22:50] [main/INFO] (ModDiscoverer) Found mod file "main" [locator: userdev mods and services, reader: mod manifest]
[14:22:50] [main/INFO] (ModDiscoverer) Found mod file "neoforge-21.1.209-minecraft-merged-1.21.1-loom.mappings.1_21_1.layered+hash.40359-v2-neoforge-21.1.209.jar" [locator: userdev mods and services, reader: mod manifest]
[14:22:50] [main/INFO] (ModDiscoverer) Found mod file "architectury-neoforge-9f5bc251-13.0.8.jar" [locator: userdev mods and services, reader: mod manifest]
[14:22:50] [main/INFO] (ModDiscoverer) Found mod file "ftb-library-neoforge-9f5bc251-2101.1.19.jar" [locator: userdev mods and services, reader: mod manifest]
[14:22:50] [main/INFO] (ModDiscoverer) Found mod file "ftb-teams-neoforge-9f5bc251-2101.1.2.jar" [locator: userdev mods and services, reader: mod manifest]
[14:22:50] [main/INFO] (ModDiscoverer) Found mod file "ftb-quests-neoforge-9f5bc251-2101.1.16.jar" [locator: userdev mods and services, reader: mod manifest]
[14:22:50] [main/INFO] (ModDiscoverer) Found mod file "4786303529244138128.jar" [locator: userdev mods and services, reader: mod manifest]
[14:22:50] [main/INFO] (ModDiscoverer) Found gamelibrary file "mixinextras-neoforge-0.5.0.jar" [locator: userdev mods and services, reader: mod manifest]
[14:22:51] [main/WARN] (JarSelector) Attempted to select a dependency jar for JarJar which was passed in as source: library:mixinextras.neoforge. Using Mod File: G:\gradle\.gradle\caches\modules-2\files-2.1\io.github.llamalad7\mixinextras-neoforge\0.5.0\d734b83ce6542bb70ea31755c1595b88992dbe65\mixinextras-neoforge-0.5.0.jar
[14:22:51] [main/INFO] (JarInJarDependencyLocator) Found 1 dependencies adding them to mods collection
[14:22:51] [main/INFO] (ModDiscoverer) Found library file "net.neoforged.neoforge-coremods-21.1.209.jar" [parent: neoforge-21.1.209-minecraft-merged-1.21.1-loom.mappings.1_21_1.layered+hash.40359-v2-neoforge-21.1.209.jar, locator: jarinjar, reader: mod manifest]
[14:22:51] [main/INFO] (ModDiscoverer) 
     Mod List:
		Name Version (Mod Id)

		Architectury 13.0.8 (architectury)
		FTB Library 2101.1.21 (ftblibrary)
		FTB Quests 2101.1.16 (ftbquests)
		FTB Teams 2101.1.4 (ftbteams)
		FTB XMod Compat 21.1.6 (ftbxmodcompat)
		generated_068ad74 1 (generated_068ad74)
		Minecraft 1.21.1 (minecraft)
		More Quest Types 1.0.0 (more_quest_types)
		NeoForge 21.1.209 (neoforge)
[14:22:52] [main/INFO] (mixin) Compatibility level set to JAVA_21
[14:22:52] [main/INFO] (LaunchServiceHandler) Launching target 'forgeclientdev' with arguments [--version, 21.1.209, --gameDir, ., --assetsDir, G:\gradle\.gradle\caches\fabric-loom\assets, --assetIndex, 1.21.1-17]
[14:22:52] [main/INFO] (unprotect) Found 8254 Minecraft classes
[14:22:53] [main/WARN] (mixin) Error loading class: net/puffish/skillsmod/SkillsMod (java.lang.ClassNotFoundException: net.puffish.skillsmod.SkillsMod)
[14:22:53] [main/WARN] (mixin) Error loading class: net/puffish/skillsmod/SkillsMod (java.lang.ClassNotFoundException: net.puffish.skillsmod.SkillsMod)
[14:22:53] [main/INFO] (MixinExtras|Service) Initializing MixinExtras via com.llamalad7.mixinextras.service.MixinExtrasServiceImpl(version=0.5.0).
[09Oct2025 14:22:56.503] [Datafixer Bootstrap/INFO] [com.mojang.datafixers.DataFixerBuilder/]: 229 Datafixer optimizations took 801 milliseconds
[09Oct2025 14:23:05.773] [main/WARN] [net.minecraft.commands.Commands/]: Ambiguity between arguments [teleport, location] and [teleport, destination] with inputs: [0.1 -0.5 .9, 0 0 0]
[09Oct2025 14:23:05.776] [main/WARN] [net.minecraft.commands.Commands/]: Ambiguity between arguments [teleport, location] and [teleport, targets] with inputs: [0.1 -0.5 .9, 0 0 0]
[09Oct2025 14:23:05.781] [main/WARN] [net.minecraft.commands.Commands/]: Ambiguity between arguments [teleport, destination] and [teleport, targets] with inputs: [Player, 0123, @e, dd12be42-52a9-4a91-a8a1-11c01849e498]
[09Oct2025 14:23:05.784] [main/WARN] [net.minecraft.commands.Commands/]: Ambiguity between arguments [teleport, targets] and [teleport, destination] with inputs: [Player, 0123, dd12be42-52a9-4a91-a8a1-11c01849e498]
[09Oct2025 14:23:05.786] [main/WARN] [net.minecraft.commands.Commands/]: Ambiguity between arguments [teleport, targets, location] and [teleport, targets, destination] with inputs: [0.1 -0.5 .9, 0 0 0]
[09Oct2025 14:23:06.062] [Render thread/WARN] [net.minecraft.server.packs.VanillaPackResourcesBuilder/]: Assets URL 'union:/G:/gradle/.gradle/caches/fabric-loom/minecraftMaven/net/minecraft/neoforge-21.1.209-minecraft-merged/1.21.1-loom.mappings.1_21_1.layered+hash.40359-v2-neoforge-21.1.209/neoforge-21.1.209-minecraft-merged-1.21.1-loom.mappings.1_21_1.layered+hash.40359-v2-neoforge-21.1.209.jar%23205!/assets/.mcassetsroot' uses unexpected schema
[09Oct2025 14:23:06.063] [Render thread/WARN] [net.minecraft.server.packs.VanillaPackResourcesBuilder/]: Assets URL 'union:/G:/gradle/.gradle/caches/fabric-loom/minecraftMaven/net/minecraft/neoforge-21.1.209-minecraft-merged/1.21.1-loom.mappings.1_21_1.layered+hash.40359-v2-neoforge-21.1.209/neoforge-21.1.209-minecraft-merged-1.21.1-loom.mappings.1_21_1.layered+hash.40359-v2-neoforge-21.1.209.jar%23205!/data/.mcassetsroot' uses unexpected schema
[09Oct2025 14:23:06.105] [Render thread/INFO] [com.mojang.authlib.yggdrasil.YggdrasilAuthenticationService/]: Environment: Environment[sessionHost=https://sessionserver.mojang.com, servicesHost=https://api.minecraftservices.com, name=PROD]
[09Oct2025 14:23:06.123] [Render thread/INFO] [net.minecraft.client.Minecraft/]: Setting user: Dev
[09Oct2025 14:23:06.282] [Render thread/INFO] [net.minecraft.client.Minecraft/]: Backend library: LWJGL version 3.3.3+5
[09Oct2025 14:23:06.674] [modloading-worker-0/INFO] [net.neoforged.neoforge.common.NeoForgeMod/NEOFORGE-MOD]: NeoForge mod loading, version 21.1.209, for MC 1.21.1
[09Oct2025 14:23:08.351] [Render thread/INFO] [net.minecraft.server.packs.repository.FolderRepositorySource/]: Found non-pack entry '.\resourcepacks\default_skill_trees-1.1.jar', ignoring
[09Oct2025 14:23:08.352] [Render thread/INFO] [net.minecraft.server.packs.repository.FolderRepositorySource/]: Found non-pack entry '.\resourcepacks\puffish_attributes-0.7.6-1.21-neoforge.jar', ignoring
[09Oct2025 14:23:08.352] [Render thread/INFO] [net.minecraft.server.packs.repository.FolderRepositorySource/]: Found non-pack entry '.\resourcepacks\puffish_skills-0.16.8-1.21-neoforge.jar', ignoring
[09Oct2025 14:23:08.985] [Render thread/INFO] [net.neoforged.neoforge.gametest.GameTestHooks/]: Enabled Gametest Namespaces: []
[09Oct2025 14:23:09.275] [Render thread/INFO] [net.minecraft.server.packs.resources.ReloadableResourceManager/]: Reloading ResourceManager: vanilla, mod_resources, mod/architectury, mod/more_quest_types, mod/ftblibrary, mod/ftbteams, mod/ftbquests, mod/ftbxmodcompat, mod/generated_068ad74, mod/neoforge
[09Oct2025 14:23:09.297] [Worker-Main-3/INFO] [FTB XMod Compat/]: Chose [Entity Tags] as the active game stages implementation
[09Oct2025 14:23:09.299] [Worker-Main-3/INFO] [FTB XMod Compat/]: Chose [FALLBACK] as the active permissions implementation
[09Oct2025 14:23:09.301] [Worker-Main-3/INFO] [FTB Library/]: Setting permissions currency implementation to: <NONE>
[09Oct2025 14:23:09.301] [Worker-Main-3/INFO] [FTB XMod Compat/]: Chose [<NONE>] as the active currency implementation
[09Oct2025 14:23:09.302] [Worker-Main-3/INFO] [FTB XMod Compat/]: [FTB Quests] recipe helper provider is [NO-OP]
[09Oct2025 14:23:09.550] [Worker-Main-7/INFO] [net.minecraft.client.gui.font.providers.UnihexProvider/]: Found unifont_all_no_pua-15.1.05.hex, loading
[09Oct2025 14:23:10.060] [Worker-Main-3/INFO] [net.minecraft.client.gui.font.providers.UnihexProvider/]: Found unifont_jp_patch-15.1.05.hex, loading
[09Oct2025 14:23:12.811] [Render thread/WARN] [net.minecraft.client.sounds.SoundEngine/]: Missing sound for event: minecraft:item.goat_horn.play
[09Oct2025 14:23:12.811] [Render thread/WARN] [net.minecraft.client.sounds.SoundEngine/]: Missing sound for event: minecraft:entity.goat.screaming.horn_break
[09Oct2025 14:23:14.585] [Render thread/INFO] [com.mojang.blaze3d.audio.Library/]: OpenAL initialized on device OpenAL Soft on Speakers (Conexant SmartAudio HD)
[09Oct2025 14:23:14.586] [Render thread/INFO] [net.minecraft.client.sounds.SoundEngine/SOUNDS]: Sound engine started
[09Oct2025 14:23:14.720] [Render thread/INFO] [net.minecraft.client.renderer.texture.TextureAtlas/]: Created: 1024x512x4 minecraft:textures/atlas/blocks.png-atlas
[09Oct2025 14:23:14.843] [Render thread/INFO] [net.minecraft.client.renderer.texture.TextureAtlas/]: Created: 256x256x4 minecraft:textures/atlas/signs.png-atlas
[09Oct2025 14:23:14.853] [Render thread/INFO] [net.minecraft.client.renderer.texture.TextureAtlas/]: Created: 512x512x4 minecraft:textures/atlas/banner_patterns.png-atlas
[09Oct2025 14:23:14.861] [Render thread/INFO] [net.minecraft.client.renderer.texture.TextureAtlas/]: Created: 512x512x4 minecraft:textures/atlas/shield_patterns.png-atlas
[09Oct2025 14:23:14.865] [Render thread/INFO] [net.minecraft.client.renderer.texture.TextureAtlas/]: Created: 1024x1024x4 minecraft:textures/atlas/armor_trims.png-atlas
[09Oct2025 14:23:14.903] [Render thread/INFO] [net.minecraft.client.renderer.texture.TextureAtlas/]: Created: 128x64x4 minecraft:textures/atlas/decorated_pot.png-atlas
[09Oct2025 14:23:14.905] [Render thread/INFO] [net.minecraft.client.renderer.texture.TextureAtlas/]: Created: 256x256x4 minecraft:textures/atlas/chest.png-atlas
[09Oct2025 14:23:14.907] [Render thread/INFO] [net.minecraft.client.renderer.texture.TextureAtlas/]: Created: 512x256x4 minecraft:textures/atlas/shulker_boxes.png-atlas
[09Oct2025 14:23:14.909] [Render thread/INFO] [net.minecraft.client.renderer.texture.TextureAtlas/]: Created: 512x256x4 minecraft:textures/atlas/beds.png-atlas
[09Oct2025 14:23:15.160] [Render thread/INFO] [net.minecraft.client.renderer.texture.TextureAtlas/]: Created: 512x256x0 minecraft:textures/atlas/particles.png-atlas
[09Oct2025 14:23:15.169] [Render thread/INFO] [net.minecraft.client.renderer.texture.TextureAtlas/]: Created: 512x256x0 minecraft:textures/atlas/paintings.png-atlas
[09Oct2025 14:23:15.172] [Render thread/INFO] [net.minecraft.client.renderer.texture.TextureAtlas/]: Created: 256x128x0 minecraft:textures/atlas/mob_effects.png-atlas
[09Oct2025 14:23:15.174] [Render thread/INFO] [net.minecraft.client.renderer.texture.TextureAtlas/]: Created: 64x64x0 minecraft:textures/atlas/map_decorations.png-atlas
[09Oct2025 14:23:15.175] [Render thread/INFO] [net.minecraft.client.renderer.texture.TextureAtlas/]: Created: 1024x512x0 minecraft:textures/atlas/gui.png-atlas
[09Oct2025 14:23:15.476] [Render thread/WARN] [net.minecraft.client.renderer.ShaderInstance/]: Shader rendertype_entity_translucent_emissive could not find sampler named Sampler2 in the specified shader program.
[09Oct2025 14:23:16.059] [Render thread/INFO] [net.neoforged.neoforge.client.entity.animation.json.AnimationLoader/]: Loaded 0 entity animations
[09Oct2025 14:23:19.625] [Render thread/WARN] [net.neoforged.neoforge.common.CommonHooks/WP]: The following mods have version differences that were not resolved:
default_skill_trees (version 1.1 -> MISSING)
generated_fcc8c77 (version 1 -> MISSING)
puffish_attributes (version 0.7.6 -> MISSING)
puffish_skills (version 0.16.8 -> MISSING)
Things may not work well.
[09Oct2025 14:23:21.355] [Render thread/INFO] [net.minecraft.world.item.crafting.RecipeManager/]: Loaded 1297 recipes
[09Oct2025 14:23:21.734] [Render thread/INFO] [net.minecraft.advancements.AdvancementTree/]: Loaded 1399 advancements
[09Oct2025 14:23:22.821] [Server thread/INFO] [net.minecraft.client.server.IntegratedServer/]: Starting integrated minecraft server version 1.21.1
[09Oct2025 14:23:22.822] [Server thread/INFO] [net.minecraft.server.MinecraftServer/]: Generating keypair
[09Oct2025 14:23:23.379] [Server thread/INFO] [FTB Teams/]: loaded team data: 1 known players, 1 teams total
[09Oct2025 14:23:23.743] [Server thread/INFO] [net.minecraft.server.MinecraftServer/]: Preparing start region for dimension minecraft:overworld
[09Oct2025 14:23:24.257] [progressListener/INFO] [net.minecraft.server.level.progress.LoggerChunkProgressListener/]: Preparing spawn area: 0%
[09Oct2025 14:23:24.279] [progressListener/INFO] [net.minecraft.server.level.progress.LoggerChunkProgressListener/]: Preparing spawn area: 0%
[09Oct2025 14:23:24.417] [Server thread/INFO] [net.neoforged.neoforge.server.permission.PermissionAPI/]: Successfully initialized permission handler neoforge:default_handler
[09Oct2025 14:23:24.426] [Server thread/INFO] [FTB Quests/]: Loading quests from D:\IdeaProjects\MoreQuestTypes\neoforge\run\config\ftbquests\quests
[09Oct2025 14:23:24.427] [progressListener/INFO] [net.minecraft.server.level.progress.LoggerChunkProgressListener/]: Time elapsed: 665 ms
[09Oct2025 14:23:24.442] [Server thread/INFO] [FTB Quests/]: loaded translation tables for 1 language(s)
[09Oct2025 14:23:24.460] [Server thread/INFO] [FTB Quests/]: Loaded 1 chapter groups, 1 chapters, 2 quests, 0 reward tables
[09Oct2025 14:23:24.639] [Server thread/INFO] [net.minecraft.client.server.IntegratedServer/]: Changing view distance to 2, from 10
[09Oct2025 14:23:24.640] [Server thread/INFO] [net.minecraft.client.server.IntegratedServer/]: Changing simulation distance to 5, from 0
[09Oct2025 14:23:24.747] [entity-deserializer/WARN] [net.minecraft.world.entity.ai.attributes.AttributeMap/]: Ignoring unknown attribute 'puffish_attributes:stealth'
[09Oct2025 14:23:24.750] [entity-deserializer/WARN] [net.minecraft.world.entity.ai.attributes.AttributeMap/]: Ignoring unknown attribute 'puffish_attributes:stealth'
[09Oct2025 14:23:24.757] [entity-deserializer/WARN] [net.minecraft.world.entity.ai.attributes.AttributeMap/]: Ignoring unknown attribute 'puffish_attributes:stealth'
[09Oct2025 14:23:24.757] [entity-deserializer/WARN] [net.minecraft.world.entity.ai.attributes.AttributeMap/]: Ignoring unknown attribute 'puffish_attributes:resistance'
[09Oct2025 14:23:24.767] [entity-deserializer/WARN] [net.minecraft.world.entity.ai.attributes.AttributeMap/]: Ignoring unknown attribute 'puffish_attributes:healing'
[09Oct2025 14:23:24.785] [entity-deserializer/WARN] [net.minecraft.world.entity.ai.attributes.AttributeMap/]: Ignoring unknown attribute 'puffish_attributes:resistance'
[09Oct2025 14:23:26.074] [Server thread/WARN] [net.minecraft.world.entity.ai.attributes.AttributeMap/]: Ignoring unknown attribute 'puffish_attributes:jump'
[09Oct2025 14:23:26.075] [Server thread/WARN] [net.minecraft.world.entity.ai.attributes.AttributeMap/]: Ignoring unknown attribute 'puffish_attributes:toughness_shred'
[09Oct2025 14:23:26.075] [Server thread/WARN] [net.minecraft.world.entity.ai.attributes.AttributeMap/]: Ignoring unknown attribute 'puffish_attributes:experience'
[09Oct2025 14:23:26.075] [Server thread/WARN] [net.minecraft.world.entity.ai.attributes.AttributeMap/]: Ignoring unknown attribute 'puffish_attributes:life_steal'
[09Oct2025 14:23:26.075] [Server thread/WARN] [net.minecraft.world.entity.ai.attributes.AttributeMap/]: Ignoring unknown attribute 'puffish_attributes:resistance_shred'
[09Oct2025 14:23:26.075] [Server thread/WARN] [net.minecraft.world.entity.ai.attributes.AttributeMap/]: Ignoring unknown attribute 'puffish_attributes:armor_shred'
[09Oct2025 14:23:26.076] [Server thread/WARN] [net.minecraft.world.entity.ai.attributes.AttributeMap/]: Ignoring unknown attribute 'puffish_attributes:stealth'
[09Oct2025 14:23:26.076] [Server thread/WARN] [net.minecraft.world.entity.ai.attributes.AttributeMap/]: Ignoring unknown attribute 'puffish_attributes:fortune'
[09Oct2025 14:23:26.076] [Server thread/WARN] [net.minecraft.world.entity.ai.attributes.AttributeMap/]: Ignoring unknown attribute 'puffish_attributes:healing'
[09Oct2025 14:23:26.076] [Server thread/WARN] [net.minecraft.world.entity.ai.attributes.AttributeMap/]: Ignoring unknown attribute 'puffish_attributes:melee_damage'
[09Oct2025 14:23:26.076] [Server thread/WARN] [net.minecraft.world.entity.ai.attributes.AttributeMap/]: Ignoring unknown attribute 'puffish_attributes:mining_speed'
[09Oct2025 14:23:26.077] [Server thread/WARN] [net.minecraft.world.entity.ai.attributes.AttributeMap/]: Ignoring unknown attribute 'puffish_attributes:resistance'
[09Oct2025 14:23:26.077] [Server thread/WARN] [net.minecraft.world.entity.ai.attributes.AttributeMap/]: Ignoring unknown attribute 'puffish_attributes:knockback'
[09Oct2025 14:23:26.077] [Server thread/WARN] [net.minecraft.world.entity.ai.attributes.AttributeMap/]: Ignoring unknown attribute 'puffish_attributes:melee_resistance_shred'
[09Oct2025 14:23:26.077] [Server thread/WARN] [net.minecraft.world.entity.ai.attributes.AttributeMap/]: Ignoring unknown attribute 'puffish_attributes:stamina'
[09Oct2025 14:23:26.078] [Server thread/WARN] [net.minecraft.world.entity.ai.attributes.AttributeMap/]: Ignoring unknown attribute 'puffish_attributes:ranged_damage'
[09Oct2025 14:23:26.082] [Server thread/INFO] [net.minecraft.server.players.PlayerList/]: Dev[local:E:bba58bf9] logged in with entity id 49 at (-12.40919324283546, -60.0, -10.679659338076748)
[09Oct2025 14:23:26.291] [Server thread/INFO] [net.minecraft.server.MinecraftServer/]: Dev joined the game
[09Oct2025 14:23:26.592] [Render thread/INFO] [FTB Library/]: config has been updated! server = false - clear any cached data etc. here
[09Oct2025 14:23:26.593] [Render thread/INFO] [FTB Library/]: received server config settings for config: ftblibrary-server
[09Oct2025 14:23:26.630] [Render thread/INFO] [FTB Quests/]: Read 926 bytes, 7 objects
[09Oct2025 14:23:26.636] [Render thread/INFO] [FTB Quests/]: received translation table en_us (with 2 entries) from server
[09Oct2025 14:23:26.637] [Render thread/INFO] [net.minecraft.advancements.AdvancementTree/]: Loaded 42 advancements
[09Oct2025 14:23:26.766] [entity-deserializer/WARN] [net.minecraft.world.entity.ai.attributes.AttributeMap/]: Ignoring unknown attribute 'puffish_attributes:resistance'
[09Oct2025 14:23:26.767] [entity-deserializer/WARN] [net.minecraft.world.entity.ai.attributes.AttributeMap/]: Ignoring unknown attribute 'puffish_attributes:resistance'
[09Oct2025 14:23:26.783] [entity-deserializer/WARN] [net.minecraft.world.entity.ai.attributes.AttributeMap/]: Ignoring unknown attribute 'puffish_attributes:resistance'
[09Oct2025 14:23:26.787] [entity-deserializer/WARN] [net.minecraft.world.entity.ai.attributes.AttributeMap/]: Ignoring unknown attribute 'puffish_attributes:melee_resistance'
[09Oct2025 14:23:26.787] [entity-deserializer/WARN] [net.minecraft.world.entity.ai.attributes.AttributeMap/]: Ignoring unknown attribute 'puffish_attributes:stealth'
[09Oct2025 14:23:26.788] [entity-deserializer/WARN] [net.minecraft.world.entity.ai.attributes.AttributeMap/]: Ignoring unknown attribute 'puffish_attributes:fall_reduction'
[09Oct2025 14:23:26.788] [entity-deserializer/WARN] [net.minecraft.world.entity.ai.attributes.AttributeMap/]: Ignoring unknown attribute 'puffish_attributes:resistance'
[09Oct2025 14:23:26.788] [entity-deserializer/WARN] [net.minecraft.world.entity.ai.attributes.AttributeMap/]: Ignoring unknown attribute 'puffish_attributes:jump'
[09Oct2025 14:23:26.808] [entity-deserializer/WARN] [net.minecraft.world.entity.ai.attributes.AttributeMap/]: Ignoring unknown attribute 'puffish_attributes:toughness_shred'
[09Oct2025 14:23:26.808] [entity-deserializer/WARN] [net.minecraft.world.entity.ai.attributes.AttributeMap/]: Ignoring unknown attribute 'puffish_attributes:resistance_shred'
[09Oct2025 14:23:26.809] [entity-deserializer/WARN] [net.minecraft.world.entity.ai.attributes.AttributeMap/]: Ignoring unknown attribute 'puffish_attributes:melee_damage'
[09Oct2025 14:23:26.809] [entity-deserializer/WARN] [net.minecraft.world.entity.ai.attributes.AttributeMap/]: Ignoring unknown attribute 'puffish_attributes:armor_shred'
[09Oct2025 14:23:26.809] [entity-deserializer/WARN] [net.minecraft.world.entity.ai.attributes.AttributeMap/]: Ignoring unknown attribute 'puffish_attributes:life_steal'
[09Oct2025 14:23:26.809] [entity-deserializer/WARN] [net.minecraft.world.entity.ai.attributes.AttributeMap/]: Ignoring unknown attribute 'puffish_attributes:melee_resistance_shred'
[09Oct2025 14:23:26.821] [entity-deserializer/WARN] [net.minecraft.world.entity.ai.attributes.AttributeMap/]: Ignoring unknown attribute 'puffish_attributes:resistance'
[09Oct2025 14:23:26.861] [entity-deserializer/WARN] [net.minecraft.world.entity.ai.attributes.AttributeMap/]: Ignoring unknown attribute 'puffish_attributes:stealth'
