[Architectury Transformer DEBUG] 
[Architectury Transformer DEBUG] ============================
[Architectury Transformer DEBUG] Transforming from D:\IdeaProjects\MoreQuestTypes\common\build\devlibs\more_quest_types-common-1.0.0-dev.jar to D:\IdeaProjects\MoreQuestTypes\common\build\libs\more_quest_types-common-1.0.0-transformProductionFabric.jar
[Architectury Transformer DEBUG] ============================
[Architectury Transformer DEBUG] 
[Architectury Transformer DEBUG] Transforming 5 transformer(s) from D:\IdeaProjects\MoreQuestTypes\common\build\devlibs\more_quest_types-common-1.0.0-dev.jar to D:\IdeaProjects\MoreQuestTypes\common\build\libs\more_quest_types-common-1.0.0-transformProductionFabric.jar: 
[Architectury Transformer DEBUG]  - dev.architectury.transformer.transformers.RemapMixinVariables@5f3d96b6
[Architectury Transformer DEBUG]  - dev.architectury.transformer.transformers.TransformExpectPlatform@16444aa3
[Architectury Transformer DEBUG]  - dev.architectury.transformer.transformers.RemapInjectables@6b5dce8a
[Architectury Transformer DEBUG]  - AddRefmapName(enabled=() -> kotlin.Boolean)
[Architectury Transformer DEBUG]  - dev.architectury.transformer.transformers.TransformPlatformOnly@47c3b3de
[Architectury Transformer DEBUG] Transforming from D:\IdeaProjects\MoreQuestTypes\common\build\devlibs\more_quest_types-common-1.0.0-dev.jar to D:\IdeaProjects\MoreQuestTypes\common\build\libs\more_quest_types-common-1.0.0-transformProductionFabric.jar with 5 transformer(s) on dev.architectury.transformer.handler.SimpleTransformerHandler
[Architectury Transformer DEBUG] Reading mixin mappings file: D:\IdeaProjects\MoreQuestTypes\fabric\build\loom-cache\mixin-map-loom.mappings.1_21_1.layered+hash.40359-v2.main.tiny
[Architectury Transformer DEBUG] Remapping with 1 mapping provider(s):
[Architectury Transformer DEBUG]  - dev.architectury.transformer.shadowed.impl.dev.architectury.tinyremapper.TinyUtils$$Lambda/0x000001d3a9c916d8@75efd19
[Architectury Transformer DEBUG] Provided 68 classpath jar(s):
[Architectury Transformer DEBUG]  - G:\gradle\.gradle\caches\modules-2\files-2.1\dev.architectury\architectury-injectables\1.0.10\62db2a366d662606d1b23ad02ccc3212ed37ec3\architectury-injectables-1.0.10.jar
[Architectury Transformer DEBUG]  - G:\gradle\.gradle\caches\modules-2\files-2.1\net.fabricmc\fabric-loader\0.17.2\647622ac4163aad5ed5f79ccb532e31225562aa\fabric-loader-0.17.2.jar
[Architectury Transformer DEBUG]  - G:\gradle\.gradle\caches\modules-2\files-2.1\org.jetbrains\annotations\26.0.2\c7ce3cdeda3d18909368dfe5977332dfad326c6d\annotations-26.0.2.jar
[Architectury Transformer DEBUG]  - G:\gradle\.gradle\caches\modules-2\files-2.1\org.ow2.asm\asm\9.8\dc19ecb3f7889b7860697215cae99c0f9b6f6b4b\asm-9.8.jar
[Architectury Transformer DEBUG]  - G:\gradle\.gradle\caches\modules-2\files-2.1\org.ow2.asm\asm-analysis\9.8\b9747a320844b6cb1eacd90d8ecfd260a16c01d3\asm-analysis-9.8.jar
[Architectury Transformer DEBUG]  - G:\gradle\.gradle\caches\modules-2\files-2.1\org.ow2.asm\asm-commons\9.8\36e4d212970388e5bd2c5180292012502df461bb\asm-commons-9.8.jar
[Architectury Transformer DEBUG]  - G:\gradle\.gradle\caches\modules-2\files-2.1\org.ow2.asm\asm-tree\9.8\18419ca5b77a2f81097c741e7872e6ab8d2f40d\asm-tree-9.8.jar
[Architectury Transformer DEBUG]  - G:\gradle\.gradle\caches\modules-2\files-2.1\org.ow2.asm\asm-util\9.8\395f1c1f035258511f27bc9b2583d76e4b143f59\asm-util-9.8.jar
[Architectury Transformer DEBUG]  - G:\gradle\.gradle\caches\modules-2\files-2.1\net.fabricmc\sponge-mixin\0.16.3+mixin.0.8.7\3e535042688d1265447e52ad86950b7d9678a5fa\sponge-mixin-0.16.3+mixin.0.8.7.jar
[Architectury Transformer DEBUG]  - G:\gradle\.gradle\caches\modules-2\files-2.1\io.github.llamalad7\mixinextras-fabric\0.5.0\91a83dfb7abd320f6236bd1fcf5c0ff143d59a13\mixinextras-fabric-0.5.0.jar
[Architectury Transformer DEBUG]  - G:\gradle\.gradle\caches\modules-2\files-2.1\com.github.oshi\oshi-core\6.4.10\b1d8ab82d11d92fd639b56d639f8f46f739dd5fa\oshi-core-6.4.10.jar
[Architectury Transformer DEBUG]  - G:\gradle\.gradle\caches\modules-2\files-2.1\com.google.code.gson\gson\2.10.1\b3add478d4382b78ea20b1671390a858002feb6c\gson-2.10.1.jar
[Architectury Transformer DEBUG]  - G:\gradle\.gradle\caches\modules-2\files-2.1\com.google.guava\failureaccess\1.0.1\1dcf1de382a0bf95a3d8b0849546c88bac1292c9\failureaccess-1.0.1.jar
[Architectury Transformer DEBUG]  - G:\gradle\.gradle\caches\modules-2\files-2.1\com.google.guava\guava\32.1.2-jre\5e64ec7e056456bef3a4bc4c6fdaef71e8ab6318\guava-32.1.2-jre.jar
[Architectury Transformer DEBUG]  - G:\gradle\.gradle\caches\modules-2\files-2.1\com.ibm.icu\icu4j\73.2\61ad4ef7f9131fcf6d25c34b817f90d6da06c9e9\icu4j-73.2.jar
[Architectury Transformer DEBUG]  - G:\gradle\.gradle\caches\modules-2\files-2.1\com.mojang\authlib\6.0.54\de8bc95660e1b2fe8793fd427a7a10dcec5b3ea7\authlib-6.0.54.jar
[Architectury Transformer DEBUG]  - G:\gradle\.gradle\caches\modules-2\files-2.1\com.mojang\blocklist\1.0.10\5c685c5ffa94c4cd39496c7184c1d122e515ecef\blocklist-1.0.10.jar
[Architectury Transformer DEBUG]  - G:\gradle\.gradle\caches\modules-2\files-2.1\com.mojang\brigadier\1.3.10\d15b53a14cf20fdcaa98f731af5dda654452c010\brigadier-1.3.10.jar
[Architectury Transformer DEBUG]  - G:\gradle\.gradle\caches\modules-2\files-2.1\com.mojang\datafixerupper\8.0.16\67d4de6d7f95d89bcf5862995fb854ebaec02a34\datafixerupper-8.0.16.jar
[Architectury Transformer DEBUG]  - G:\gradle\.gradle\caches\modules-2\files-2.1\com.mojang\logging\1.2.7\24cb95ffb0e3433fd6e844c04e68009e504ca1c0\logging-1.2.7.jar
[Architectury Transformer DEBUG]  - G:\gradle\.gradle\caches\modules-2\files-2.1\com.mojang\patchy\2.2.10\da05971b07cbb379d002cf7eaec6a2048211fefc\patchy-2.2.10.jar
[Architectury Transformer DEBUG]  - G:\gradle\.gradle\caches\modules-2\files-2.1\com.mojang\text2speech\1.17.9\3cad216e3a7f0c19b4b394388bc9ffc446f13b14\text2speech-1.17.9.jar
[Architectury Transformer DEBUG]  - G:\gradle\.gradle\caches\modules-2\files-2.1\commons-codec\commons-codec\1.16.0\4e3eb3d79888d76b54e28b350915b5dc3919c9de\commons-codec-1.16.0.jar
[Architectury Transformer DEBUG]  - G:\gradle\.gradle\caches\modules-2\files-2.1\commons-io\commons-io\2.15.1\f11560da189ab563a5c8e351941415430e9304ea\commons-io-2.15.1.jar
[Architectury Transformer DEBUG]  - G:\gradle\.gradle\caches\modules-2\files-2.1\commons-logging\commons-logging\1.2\4bfc12adfe4842bf07b657f0369c4cb522955686\commons-logging-1.2.jar
[Architectury Transformer DEBUG]  - G:\gradle\.gradle\caches\modules-2\files-2.1\io.netty\netty-buffer\4.1.97.Final\f8f3d8644afa5e6e1a40a3a6aeb9d9aa970ecb4f\netty-buffer-4.1.97.Final.jar
[Architectury Transformer DEBUG]  - G:\gradle\.gradle\caches\modules-2\files-2.1\io.netty\netty-codec\4.1.97.Final\384ba4d75670befbedb45c4d3b497a93639c206d\netty-codec-4.1.97.Final.jar
[Architectury Transformer DEBUG]  - G:\gradle\.gradle\caches\modules-2\files-2.1\io.netty\netty-common\4.1.97.Final\7cceacaf11df8dc63f23d0fb58e9d4640fc88404\netty-common-4.1.97.Final.jar
[Architectury Transformer DEBUG]  - G:\gradle\.gradle\caches\modules-2\files-2.1\io.netty\netty-handler\4.1.97.Final\abb86c6906bf512bf2b797a41cd7d2e8d3cd7c36\netty-handler-4.1.97.Final.jar
[Architectury Transformer DEBUG]  - G:\gradle\.gradle\caches\modules-2\files-2.1\io.netty\netty-resolver\4.1.97.Final\cec8348108dc76c47cf87c669d514be52c922144\netty-resolver-4.1.97.Final.jar
[Architectury Transformer DEBUG]  - G:\gradle\.gradle\caches\modules-2\files-2.1\io.netty\netty-transport-classes-epoll\4.1.97.Final\795da37ded759e862457a82d9d92c4d39ce8ecee\netty-transport-classes-epoll-4.1.97.Final.jar
[Architectury Transformer DEBUG]  - G:\gradle\.gradle\caches\modules-2\files-2.1\io.netty\netty-transport-native-unix-common\4.1.97.Final\d469d84265ab70095b01b40886cabdd433b6e664\netty-transport-native-unix-common-4.1.97.Final.jar
[Architectury Transformer DEBUG]  - G:\gradle\.gradle\caches\modules-2\files-2.1\io.netty\netty-transport\4.1.97.Final\f37380d23c9bb079bc702910833b2fd532c9abd0\netty-transport-4.1.97.Final.jar
[Architectury Transformer DEBUG]  - G:\gradle\.gradle\caches\modules-2\files-2.1\it.unimi.dsi\fastutil\8.5.12\c24946d46824bd528054bface3231d2ecb7e95e8\fastutil-8.5.12.jar
[Architectury Transformer DEBUG]  - G:\gradle\.gradle\caches\modules-2\files-2.1\net.java.dev.jna\jna-platform\5.14.0\28934d48aed814f11e4c584da55c49fa7032b31b\jna-platform-5.14.0.jar
[Architectury Transformer DEBUG]  - G:\gradle\.gradle\caches\modules-2\files-2.1\net.java.dev.jna\jna\5.14.0\67bf3eaea4f0718cb376a181a629e5f88fa1c9dd\jna-5.14.0.jar
[Architectury Transformer DEBUG]  - G:\gradle\.gradle\caches\modules-2\files-2.1\net.sf.jopt-simple\jopt-simple\5.0.4\4fdac2fbe92dfad86aa6e9301736f6b4342a3f5c\jopt-simple-5.0.4.jar
[Architectury Transformer DEBUG]  - G:\gradle\.gradle\caches\modules-2\files-2.1\org.apache.commons\commons-compress\1.26.0\659feffdd12280201c8aacb8f7be94f9a883c824\commons-compress-1.26.0.jar
[Architectury Transformer DEBUG]  - G:\gradle\.gradle\caches\modules-2\files-2.1\org.apache.commons\commons-lang3\3.14.0\1ed471194b02f2c6cb734a0cd6f6f107c673afae\commons-lang3-3.14.0.jar
[Architectury Transformer DEBUG]  - G:\gradle\.gradle\caches\modules-2\files-2.1\org.apache.httpcomponents\httpclient\4.5.13\e5f6cae5ca7ecaac1ec2827a9e2d65ae2869cada\httpclient-4.5.13.jar
[Architectury Transformer DEBUG]  - G:\gradle\.gradle\caches\modules-2\files-2.1\org.apache.httpcomponents\httpcore\4.4.16\51cf043c87253c9f58b539c9f7e44c8894223850\httpcore-4.4.16.jar
[Architectury Transformer DEBUG]  - G:\gradle\.gradle\caches\modules-2\files-2.1\org.apache.logging.log4j\log4j-api\2.22.1\bea6fede6328fabafd7e68363161a7ea6605abd1\log4j-api-2.22.1.jar
[Architectury Transformer DEBUG]  - G:\gradle\.gradle\caches\modules-2\files-2.1\org.apache.logging.log4j\log4j-core\2.22.1\7183a25510a02ad00cc6a95d3b3d2a7d3c5a8dc4\log4j-core-2.22.1.jar
[Architectury Transformer DEBUG]  - G:\gradle\.gradle\caches\modules-2\files-2.1\org.apache.logging.log4j\log4j-slf4j2-impl\2.22.1\d7e6693c2606cb7e7335047d7bb96dec52db5665\log4j-slf4j2-impl-2.22.1.jar
[Architectury Transformer DEBUG]  - G:\gradle\.gradle\caches\modules-2\files-2.1\org.jcraft\jorbis\0.0.17\8872d22b293e8f5d7d56ff92be966e6dc28ebdc6\jorbis-0.0.17.jar
[Architectury Transformer DEBUG]  - G:\gradle\.gradle\caches\modules-2\files-2.1\org.joml\joml\1.10.5\22566d58af70ad3d72308bab63b8339906deb649\joml-1.10.5.jar
[Architectury Transformer DEBUG]  - G:\gradle\.gradle\caches\modules-2\files-2.1\org.lwjgl\lwjgl-freetype\3.3.3\a0db6c84a8becc8ca05f9dbfa985edc348a824c7\lwjgl-freetype-3.3.3.jar
[Architectury Transformer DEBUG]  - G:\gradle\.gradle\caches\modules-2\files-2.1\org.lwjgl\lwjgl-glfw\3.3.3\efa1eb78c5ccd840e9f329717109b5e892d72f8e\lwjgl-glfw-3.3.3.jar
[Architectury Transformer DEBUG]  - G:\gradle\.gradle\caches\modules-2\files-2.1\org.lwjgl\lwjgl-jemalloc\3.3.3\b543467b7ff3c6920539a88ee602d34098628be5\lwjgl-jemalloc-3.3.3.jar
[Architectury Transformer DEBUG]  - G:\gradle\.gradle\caches\modules-2\files-2.1\org.lwjgl\lwjgl-openal\3.3.3\daada81ceb5fc0c291fbfdd4433cb8d9423577f2\lwjgl-openal-3.3.3.jar
[Architectury Transformer DEBUG]  - G:\gradle\.gradle\caches\modules-2\files-2.1\org.lwjgl\lwjgl-opengl\3.3.3\2f6b0147078396a58979125a4c947664e98293a\lwjgl-opengl-3.3.3.jar
[Architectury Transformer DEBUG]  - G:\gradle\.gradle\caches\modules-2\files-2.1\org.lwjgl\lwjgl-stb\3.3.3\25dd6161988d7e65f71d5065c99902402ee32746\lwjgl-stb-3.3.3.jar
[Architectury Transformer DEBUG]  - G:\gradle\.gradle\caches\modules-2\files-2.1\org.lwjgl\lwjgl-tinyfd\3.3.3\82d755ca94b102e9ca77283b9e2dc46d1b15fbe5\lwjgl-tinyfd-3.3.3.jar
[Architectury Transformer DEBUG]  - G:\gradle\.gradle\caches\modules-2\files-2.1\org.lwjgl\lwjgl\3.3.3\29589b5f87ed335a6c7e7ee6a5775f81f97ecb84\lwjgl-3.3.3.jar
[Architectury Transformer DEBUG]  - G:\gradle\.gradle\caches\modules-2\files-2.1\org.lz4\lz4-java\1.8.0\4b986a99445e49ea5fbf5d149c4b63f6ed6c6780\lz4-java-1.8.0.jar
[Architectury Transformer DEBUG]  - G:\gradle\.gradle\caches\modules-2\files-2.1\org.slf4j\slf4j-api\2.0.9\7cf2726fdcfbc8610f9a71fb3ed639871f315340\slf4j-api-2.0.9.jar
[Architectury Transformer DEBUG]  - D:\IdeaProjects\MoreQuestTypes\.gradle\loom-cache\minecraftMaven\net\minecraft\minecraft-merged-ef80e4a74a\1.21.1-loom.mappings.1_21_1.layered+hash.40359-v2\minecraft-merged-ef80e4a74a-1.21.1-loom.mappings.1_21_1.layered+hash.40359-v2.jar
[Architectury Transformer DEBUG]  - G:\gradle\.gradle\caches\modules-2\files-2.1\io.netty\netty-transport-native-epoll\4.1.97.Final\54188f271e388e7f313aea995e82f58ce2cdb809\netty-transport-native-epoll-4.1.97.Final-linux-x86_64.jar
[Architectury Transformer DEBUG]  - G:\gradle\.gradle\caches\modules-2\files-2.1\io.netty\netty-transport-native-epoll\4.1.97.Final\5514744c588190ffda076b35a9b8c9f24946a960\netty-transport-native-epoll-4.1.97.Final-linux-aarch_64.jar
[Architectury Transformer DEBUG]  - D:\IdeaProjects\MoreQuestTypes\.gradle\loom-cache\remapped_mods\remapped\dev\architectury\architectury-b9d2d3ba\13.0.8\architectury-b9d2d3ba-13.0.8.jar
[Architectury Transformer DEBUG]  - D:\IdeaProjects\MoreQuestTypes\.gradle\loom-cache\remapped_mods\remapped\dev\ftb\mods\ftb-quests-fabric-b9d2d3ba\2101.1.16\ftb-quests-fabric-b9d2d3ba-2101.1.16.jar
[Architectury Transformer DEBUG]  - D:\IdeaProjects\MoreQuestTypes\.gradle\loom-cache\remapped_mods\remapped\dev\ftb\mods\ftb-library-fabric-b9d2d3ba\2101.1.19\ftb-library-fabric-b9d2d3ba-2101.1.19.jar
[Architectury Transformer DEBUG]  - D:\IdeaProjects\MoreQuestTypes\.gradle\loom-cache\remapped_mods\remapped\dev\ftb\mods\ftb-teams-fabric-b9d2d3ba\2101.1.2\ftb-teams-fabric-b9d2d3ba-2101.1.2.jar
[Architectury Transformer DEBUG]  - D:\IdeaProjects\MoreQuestTypes\.gradle\loom-cache\remapped_mods\remapped\curse\maven\puffish-skills-835091-b9d2d3ba\7038166\puffish-skills-835091-b9d2d3ba-7038166.jar
[Architectury Transformer DEBUG]  - D:\IdeaProjects\MoreQuestTypes\.gradle\loom-cache\remapped_mods\remapped\curse\maven\blabber-565396-b9d2d3ba\6445342\blabber-565396-b9d2d3ba-6445342.jar
[Architectury Transformer DEBUG]  - D:\IdeaProjects\MoreQuestTypes\.gradle\loom-cache\remapped_mods\remapped\org\ladysnake\cardinal-components-api\cardinal-components-entity-b9d2d3ba\6.1.2\cardinal-components-entity-b9d2d3ba-6.1.2.jar
[Architectury Transformer DEBUG]  - D:\IdeaProjects\MoreQuestTypes\.gradle\loom-cache\remapped_mods\remapped\org\ladysnake\cardinal-components-api\cardinal-components-base-b9d2d3ba\6.1.2\cardinal-components-base-b9d2d3ba-6.1.2.jar
[Architectury Transformer DEBUG]  - D:\IdeaProjects\MoreQuestTypes\.gradle\loom-cache\remapped_mods\remapped\net\fabricmc\fabric-api\fabric-api-base-b9d2d3ba\0.4.42+6573ed8cd1\fabric-api-base-b9d2d3ba-0.4.42+6573ed8cd1.jar
[Architectury Transformer] Read classpath in 4.323 s
[Architectury Transformer DEBUG] Remapping Classes:
[Architectury Transformer DEBUG] Found class transformer
[Architectury Transformer DEBUG] Writing net/pixeldreamstudios/morequesttypes/MoreQuestTypes with maxs=true frames=true
[Architectury Transformer DEBUG] Writing net/pixeldreamstudios/morequesttypes/tasks/InteractEntityTask with maxs=true frames=true
[Architectury Transformer DEBUG] Writing net/pixeldreamstudios/morequesttypes/tasks/AdvancedKillTask with maxs=true frames=true
[Architectury Transformer DEBUG] Writing net/pixeldreamstudios/morequesttypes/tasks/DialogueTask with maxs=true frames=true
[Architectury Transformer DEBUG] Writing net/pixeldreamstudios/morequesttypes/tasks/InteractEntityTask$HandMode with maxs=true frames=true
[Architectury Transformer DEBUG] Writing net/pixeldreamstudios/morequesttypes/tasks/SkillsLevelTask with maxs=true frames=true
[Architectury Transformer DEBUG] Writing net/pixeldreamstudios/morequesttypes/tasks/TimerTask with maxs=true frames=true
[Architectury Transformer DEBUG] Writing net/pixeldreamstudios/morequesttypes/tasks/SkillsLevelTask$Mode with maxs=true frames=true
[Architectury Transformer DEBUG] Writing net/pixeldreamstudios/morequesttypes/tasks/MoreTasksTypes with maxs=true frames=true
[Architectury Transformer DEBUG] Writing net/pixeldreamstudios/morequesttypes/rewards/DialogueReward with maxs=true frames=true
[Architectury Transformer DEBUG] Writing net/pixeldreamstudios/morequesttypes/rewards/SkillsLevelReward with maxs=true frames=true
[Architectury Transformer DEBUG] Writing net/pixeldreamstudios/morequesttypes/rewards/MoreRewardTypes with maxs=true frames=true
[Architectury Transformer DEBUG] Writing net/pixeldreamstudios/morequesttypes/rewards/SkillsLevelReward$Kind with maxs=true frames=true
[Architectury Transformer DEBUG] Writing net/pixeldreamstudios/morequesttypes/rewards/DialogueReward$SortMode with maxs=true frames=true
[Architectury Transformer DEBUG] Writing net/pixeldreamstudios/morequesttypes/interact/InteractEventBuffer$Interaction with maxs=true frames=true
[Architectury Transformer DEBUG] Writing net/pixeldreamstudios/morequesttypes/interact/InteractEventBuffer with maxs=true frames=true
[Architectury Transformer DEBUG] Writing net/pixeldreamstudios/morequesttypes/interact/InteractEventBuffer$Key with maxs=true frames=true
[Architectury Transformer DEBUG] Writing net/pixeldreamstudios/morequesttypes/compat/BlabberCompat with maxs=true frames=true
[Architectury Transformer DEBUG] Writing net/pixeldreamstudios/morequesttypes/compat/SkillsCompat with maxs=true frames=true
[Architectury Transformer DEBUG] Checking whether /more_quest_types.mixins.json is a mixin config.
[Architectury Transformer DEBUG] Found mixin config(s): /more_quest_types.mixins.json
[Architectury Transformer DEBUG] Injecting more_quest_types-common-common-refmap.json to /more_quest_types.mixins.json
[Architectury Transformer DEBUG] Closed File Systems for D:\IdeaProjects\MoreQuestTypes\common\build\libs\more_quest_types-common-1.0.0-transformProductionFabric.jar
[Architectury Transformer] Transformed jar with 5 transformer(s) in 6.357 s
