[21:15:36] [main/INFO] (FabricLoader/GameProvider) Loading Minecraft 1.21.1 with Fabric Loader 0.17.2
[21:15:37] [ForkJoinPool-1-worker-7/WARN] (FabricLoader/Metadata) Mod projectileimmunityfix uses the version {version} which isn't compatible with Loader's extended semantic version format (Could not parse version number component '{version}'!), SemVer is recommended for reliably evaluating dependencies and prioritizing newer version
[21:15:38] [main/INFO] (FabricLoader) Loading 133 mods:
	- accessories 1.1.0-beta.48+1.21.1
	- architectury 13.0.8
	- azurelib 3.0.27
	- azurelibarmor 3.0.18
	- blabber 1.8.0
	- cardinal-components 6.1.2
	   |-- cardinal-components-base 6.1.2
	   |-- cardinal-components-block 6.1.2
	   |-- cardinal-components-chunk 6.1.2
	   |-- cardinal-components-entity 6.1.2
	   |-- cardinal-components-item 6.1.2
	   |-- cardinal-components-level 6.1.2
	   |-- cardinal-components-scoreboard 6.1.2
	   \-- cardinal-components-world 6.1.2
	- cloth-config 15.0.140
	   \-- cloth-basic-math 0.6.1
	- default_skill_trees 1.1
	- emi 1.1.22+1.21.1+fabric
	- fabric-api 0.116.6+1.21.1
	- fabric-api-base 0.4.42+6573ed8c19
	- fabric-api-lookup-api-v1 1.6.71+b559734419
	- fabric-biome-api-v1 13.0.31+d527f9fd19
	- fabric-block-api-v1 1.1.0+0bc3503219
	- fabric-block-view-api-v2 1.0.11+ebb2264e19
	- fabric-blockrenderlayer-v1 1.1.52+0af3f5a719
	- fabric-client-tags-api-v1 1.1.15+6573ed8c19
	- fabric-command-api-v1 1.2.49+f71b366f19
	- fabric-command-api-v2 2.2.28+6ced4dd919
	- fabric-commands-v0 0.2.66+df3654b319
	- fabric-content-registries-v0 8.0.19+b559734419
	- fabric-convention-tags-v1 2.1.5+7f945d5b19
	- fabric-convention-tags-v2 2.11.1+a406e79519
	- fabric-crash-report-info-v1 0.2.29+0af3f5a719
	- fabric-data-attachment-api-v1 1.4.5+6116a37819
	- fabric-data-generation-api-v1 20.2.33+37516cd619
	- fabric-dimensions-v1 4.0.1+65213ef819
	- fabric-entity-events-v1 1.8.0+2b27e0a419
	- fabric-events-interaction-v0 0.7.13+ba9dae0619
	- fabric-game-rule-api-v1 1.0.53+6ced4dd919
	- fabric-gametest-api-v1 2.0.5+6fc22b9919
	- fabric-item-api-v1 11.2.0+3b3cb2e819
	- fabric-item-group-api-v1 4.1.7+def88e3a19
	- fabric-key-binding-api-v1 1.0.47+0af3f5a719
	- fabric-keybindings-v0 0.2.45+df3654b319
	- fabric-language-kotlin 1.13.4+kotlin.2.2.0
	   |-- org_jetbrains_kotlin_kotlin-reflect 2.2.0
	   |-- org_jetbrains_kotlin_kotlin-stdlib 2.2.0
	   |-- org_jetbrains_kotlin_kotlin-stdlib-jdk7 2.2.0
	   |-- org_jetbrains_kotlin_kotlin-stdlib-jdk8 2.2.0
	   |-- org_jetbrains_kotlinx_atomicfu-jvm 0.28.0
	   |-- org_jetbrains_kotlinx_kotlinx-coroutines-core-jvm 1.10.2
	   |-- org_jetbrains_kotlinx_kotlinx-coroutines-jdk8 1.10.2
	   |-- org_jetbrains_kotlinx_kotlinx-datetime-jvm 0.6.2
	   |-- org_jetbrains_kotlinx_kotlinx-io-bytestring-jvm 0.7.0
	   |-- org_jetbrains_kotlinx_kotlinx-io-core-jvm 0.7.0
	   |-- org_jetbrains_kotlinx_kotlinx-serialization-cbor-jvm 1.8.1
	   |-- org_jetbrains_kotlinx_kotlinx-serialization-core-jvm 1.8.1
	   \-- org_jetbrains_kotlinx_kotlinx-serialization-json-jvm 1.8.1
	- fabric-lifecycle-events-v1 2.6.0+0865547519
	- fabric-loot-api-v2 3.0.15+3f89f5a519
	- fabric-loot-api-v3 1.0.3+3f89f5a519
	- fabric-message-api-v1 6.0.14+8aaf3aca19
	- fabric-model-loading-api-v1 2.1.0+b4d813fc19
	- fabric-networking-api-v1 4.3.0+c7469b2119
	- fabric-object-builder-api-v1 15.2.1+40875a9319
	- fabric-particles-v1 4.0.2+6573ed8c19
	- fabric-recipe-api-v1 5.0.14+248df81c19
	- fabric-registry-sync-v0 5.3.1+e3eddc2119
	- fabric-renderer-api-v1 3.4.1+b4d813fc19
	- fabric-renderer-indigo 1.7.1+c705a49c19
	- fabric-renderer-registries-v1 3.2.69+df3654b319
	- fabric-rendering-data-attachment-v1 0.3.49+73761d2e19
	- fabric-rendering-fluids-v1 3.1.6+1daea21519
	- fabric-rendering-v0 1.1.72+df3654b319
	- fabric-rendering-v1 5.1.0+ab4c25a019
	- fabric-resource-conditions-api-v1 4.3.0+8dc279b119
	- fabric-resource-loader-v0 1.3.1+5b5275af19
	- fabric-screen-api-v1 2.0.25+8b68f1c719
	- fabric-screen-handler-api-v1 1.3.90+b559734419
	- fabric-sound-api-v1 1.0.23+6573ed8c19
	- fabric-transfer-api-v1 5.4.3+c24bd99419
	- fabric-transitive-access-wideners-v1 6.2.0+45b9699719
	- fabricloader 0.17.2
	- ftbchunks 2101.1.10
	- ftbessentials 2101.1.7
	- ftbfiltersystem 21.1.3
	- ftblibrary 2101.1.20
	- ftbquests 2101.1.15
	   \-- team_reborn_energy 4.1.0
	- ftbranks 2101.1.3
	- ftbteams 2101.1.4
	- ftbxmodcompat 21.1.6
	- fzzy_config 0.7.2+1.21
	   |-- blue_endless_jankson 1.2.3
	   |-- fabric-permissions-api-v0 0.3.1
	   \-- net_peanuuutz_tomlkt_tomlkt-jvm 0.3.7
	- generated_6df51af 1.0.0
	- icon-leading-tooltip 1.0.2
	- java 21
	- kevs-attributes-panel 1.1.5.8
	- manaattributes 2.7.0
	- minecraft 1.21.1
	- mixinextras 0.5.0
	- modmenu 11.0.3
	   \-- placeholder-api 2.4.0-pre.2+1.21
	- more_quest_types 1.0.0
	- nbtedit 5.2.11
	- owo 0.12.15.4+1.21
	   |-- io_wispforest_endec 0.1.5.1
	   |-- io_wispforest_endec_gson 0.1.3.1
	   |-- io_wispforest_endec_jankson 0.1.3.1
	   \-- io_wispforest_endec_netty 0.1.2
	- paladins 2.5.1+1.21.1
	   |-- com_github_zsoltmolnarrr_tinyconfig 2.3.2
	   \-- shield_api 2.0.2+1.21.1
	- playeranimator 2.0.1+1.21.1
	- projectileimmunityfix {version}
	- puffish_attributes 0.7.4
	- puffish_skills 0.16.5
	- ranged_weapon_api 2.1.1+1.21.1
	- resourcebarapi 2.7.0
	- rpgmana 1.2.8-1.21.1
	   \-- com_github_zsoltmolnarrr_tinyconfig 2.3.2
	- runes 1.1.3+1.21.1
	   \-- bundleapi 1.0.2
	- showmeyourbuild 1.0.2
	- spark 1.10.109
	   \-- fabric-permissions-api-v0 0.3.1
	- spell_engine 1.8.0+1.21.1
	- spell_power 1.4.0+1.21.1
	   \-- tiny_config 3.0.0
	- staminaattributes 2.7.0
	- tclayer 3.10.0+beta.28
	- wizards 2.5.0+1.21.1
	   |-- com_github_zsoltmolnarrr_tinyconfig 2.3.2
	   \-- structure_pool_api 1.1.3+1.21.1
[21:16:35] [main/INFO] (FabricLoader/Mixin) SpongePowered MIXIN Subsystem Version=0.8.7 Source=file:/G:/gradle/.gradle/caches/modules-2/files-2.1/net.fabricmc/sponge-mixin/0.16.3+mixin.0.8.7/3e535042688d1265447e52ad86950b7d9678a5fa/sponge-mixin-0.16.3+mixin.0.8.7.jar Service=Knot/Fabric Env=CLIENT
[21:16:35] [main/INFO] (FabricLoader/Mixin) Loaded Fabric development mappings for mixin remapper!
[21:16:35] [main/INFO] (FabricLoader/Mixin) Compatibility level set to JAVA_17
[21:16:35] [main/INFO] (FabricLoader/Mixin) Compatibility level set to JAVA_21
[21:16:36] [main/WARN] (FabricLoader/Mixin) Reference map 'tiny_config-common-common-refmap.json' for tiny_config.mixins.json could not be read. If this is a development environment you can ignore this message
[21:16:39] [main/WARN] (FabricLoader/Mixin) Error loading class: mezz/jei/library/load/PluginCaller (java.lang.ClassNotFoundException: mezz/jei/library/load/PluginCaller)
[21:16:40] [main/WARN] (FabricLoader/Mixin) Error loading class: dev/muon/dynamictooltips/handlers/AttributeTooltipHandler (java.lang.ClassNotFoundException: dev/muon/dynamictooltips/handlers/AttributeTooltipHandler)
[21:16:40] [main/WARN] (FabricLoader/Mixin) Error loading class: dev/muon/dynamictooltips/handlers/AttackRangeTooltipHandler (java.lang.ClassNotFoundException: dev/muon/dynamictooltips/handlers/AttackRangeTooltipHandler)
[21:16:40] [main/WARN] (FabricLoader/Mixin) Error loading class: dev/muon/dynamictooltips/handlers/BlockRangeTooltipHandler (java.lang.ClassNotFoundException: dev/muon/dynamictooltips/handlers/BlockRangeTooltipHandler)
[21:16:40] [main/WARN] (FabricLoader/Mixin) Error loading class: net/bettercombat/client/WeaponAttributeTooltip (java.lang.ClassNotFoundException: net/bettercombat/client/WeaponAttributeTooltip)
[21:16:40] [main/WARN] (FabricLoader/Mixin) Error loading class: xyz/nucleoid/server/translations/impl/language/SystemDelegatedLanguage (java.lang.ClassNotFoundException: xyz/nucleoid/server/translations/impl/language/SystemDelegatedLanguage)
[21:16:41] [main/WARN] (FabricLoader/Mixin) Error loading class: org/jetbrains/annotations/ApiStatus$Internal (java.lang.ClassNotFoundException: org/jetbrains/annotations/ApiStatus$Internal)
[21:16:41] [main/INFO] (FabricLoader/MixinExtras|Service) Initializing MixinExtras via com.llamalad7.mixinextras.service.MixinExtrasServiceImpl(version=0.5.0).
[21:16:45] [Datafixer Bootstrap/INFO] (Minecraft) 226 Datafixer optimizations took 888 milliseconds
[21:16:47] [main/WARN] (FabricLoader/Mixin) Method overwrite conflict for setLookupToggle in accessories-tclayer.mixins.json:client.LivingEntityMixin from mod tclayer, previously written by io.wispforest.accessories.mixin.client.cosmetic.LivingEntityMixin. Skipping method.
[21:16:47] [main/WARN] (FabricLoader/Mixin) Method overwrite conflict for getLookupToggle in accessories-tclayer.mixins.json:client.LivingEntityMixin from mod tclayer, previously written by io.wispforest.accessories.mixin.client.cosmetic.LivingEntityMixin. Skipping method.
[21:17:00] [Render thread/WARN] (FabricLoader/Mixin) Error loading class: org/quiltmc/loader/impl/game/minecraft/Hooks (java.lang.ClassNotFoundException: org/quiltmc/loader/impl/game/minecraft/Hooks)
[21:17:01] [Render thread/INFO] (Minecraft) Environment: Environment[sessionHost=https://sessionserver.mojang.com, servicesHost=https://api.minecraftservices.com, name=PROD]
[21:17:01] [Render thread/INFO] (Minecraft) Setting user: Player354
[21:17:02] [Render thread/INFO] (kevs_projectile_immunity_fix) Loading config from: D:\IdeaProjects\MoreQuestTypes\fabric\run\config\projectileimmunityfix.json
[21:17:02] [Render thread/INFO] (kevs_projectile_immunity_fix) Loading config from: D:\IdeaProjects\MoreQuestTypes\fabric\run\config\projectileimmunityfix.json
[21:17:02] [Render thread/INFO] (kevs_projectile_immunity_fix) Projectile Immunity Fix initialized!
[21:17:04] [Render thread/INFO] (DataLoaderBase) Registered Trinkets Reloaded Listeners
[21:17:04] [Render thread/INFO] (manaattributes) Initializing mana!
[21:17:04] [Render thread/INFO] (staminaattributes) Initializing stamina!
[21:17:06] [Render thread/INFO] (fzzy_config) Loaded config staminaattributes:server in 1260ms
[21:17:06] [Render thread/INFO] (azurelib) Registered azurelib config for auto-sync function
[21:17:06] [Render thread/INFO] (NetworkManagerImpl) Registering C2S receiver with id ftbchunks:request_chunk_change_packet
[21:17:06] [Render thread/INFO] (NetworkManagerImpl) Registering C2S receiver with id ftbchunks:request_map_data_packet
[21:17:06] [Render thread/INFO] (NetworkManagerImpl) Registering C2S receiver with id ftbchunks:teleport_from_map_packet
[21:17:06] [Render thread/INFO] (NetworkManagerImpl) Registering C2S receiver with id ftbchunks:update_force_load_expiry_packet
[21:17:06] [Render thread/INFO] (NetworkManagerImpl) Registering C2S receiver with id ftbchunks:sync_tx_packet
[21:17:06] [Render thread/INFO] (NetworkManagerImpl) Registering C2S receiver with id ftbchunks:share_waypoint_packet
[21:17:06] [Render thread/INFO] (NetworkManagerImpl) Registering S2C receiver with id ftbchunks:add_waypoint_packet
[21:17:06] [Render thread/INFO] (NetworkManagerImpl) Registering S2C receiver with id ftbchunks:chunk_change_response_packet
[21:17:06] [Render thread/INFO] (NetworkManagerImpl) Registering S2C receiver with id ftbchunks:loaded_chunk_view_packet
[21:17:06] [Render thread/INFO] (NetworkManagerImpl) Registering S2C receiver with id ftbchunks:login_data_packet
[21:17:06] [Render thread/INFO] (NetworkManagerImpl) Registering S2C receiver with id ftbchunks:player_death_packet
[21:17:06] [Render thread/INFO] (NetworkManagerImpl) Registering S2C receiver with id ftbchunks:player_visibility_packet
[21:17:06] [Render thread/INFO] (NetworkManagerImpl) Registering S2C receiver with id ftbchunks:request_block_color_packet
[21:17:06] [Render thread/INFO] (NetworkManagerImpl) Registering S2C receiver with id ftbchunks:send_chunk_packet
[21:17:06] [Render thread/INFO] (NetworkManagerImpl) Registering S2C receiver with id ftbchunks:send_general_data_packet
[21:17:06] [Render thread/INFO] (NetworkManagerImpl) Registering S2C receiver with id ftbchunks:send_many_chunks_packet
[21:17:06] [Render thread/INFO] (NetworkManagerImpl) Registering S2C receiver with id ftbchunks:send_player_position_packet
[21:17:06] [Render thread/INFO] (NetworkManagerImpl) Registering S2C receiver with id ftbchunks:sync_rx_packet
[21:17:06] [Render thread/INFO] (NetworkManagerImpl) Registering S2C receiver with id ftbchunks:open_claim_gui_packet
[21:17:07] [Render thread/INFO] (NetworkManagerImpl) Registering S2C receiver with id ftbteams:sync_teams
[21:17:07] [Render thread/INFO] (NetworkManagerImpl) Registering S2C receiver with id ftbteams:sync_msg_history
[21:17:07] [Render thread/INFO] (NetworkManagerImpl) Registering S2C receiver with id ftbteams:open_my_team_gui
[21:17:07] [Render thread/INFO] (NetworkManagerImpl) Registering S2C receiver with id ftbteams:update_properties_response
[21:17:07] [Render thread/INFO] (NetworkManagerImpl) Registering S2C receiver with id ftbteams:send_message_response
[21:17:07] [Render thread/INFO] (NetworkManagerImpl) Registering S2C receiver with id ftbteams:update_presence
[21:17:07] [Render thread/INFO] (NetworkManagerImpl) Registering S2C receiver with id ftbteams:toggle_chat_response
[21:17:07] [Render thread/INFO] (NetworkManagerImpl) Registering C2S receiver with id ftbteams:open_gui
[21:17:07] [Render thread/INFO] (NetworkManagerImpl) Registering C2S receiver with id ftbteams:update_propeties_request
[21:17:07] [Render thread/INFO] (NetworkManagerImpl) Registering C2S receiver with id ftbteams:send_message
[21:17:07] [Render thread/INFO] (NetworkManagerImpl) Registering C2S receiver with id ftbteams:create_party
[21:17:07] [Render thread/INFO] (NetworkManagerImpl) Registering C2S receiver with id ftbteams:player_gui_operation
[21:17:07] [Render thread/INFO] (NetworkManagerImpl) Registering C2S receiver with id ftbteams:toggle_chat_redirection
[21:17:07] [Render thread/INFO] (NetworkManagerImpl) Registering S2C receiver with id ftbessentials:update_tab_name
[21:17:08] [Render thread/INFO] (shield_api) Shield API initialized!
[21:17:08] [Render thread/INFO] (NetworkManagerImpl) Registering C2S receiver with id ftbfiltersystem:sync_filter
[21:17:08] [Render thread/INFO] (bundleapi) Customized Bundles!
[21:17:08] [Render thread/INFO] (resourcebarapi) Initializing Resource Bar API!
[21:17:08] [Render thread/INFO] (fzzy_config) Loaded config resourcebarapi:server in 6ms
[21:17:08] [Render thread/INFO] (NetworkManagerImpl) Registering C2S receiver with id ftbquests:change_chapter_group_message
[21:17:08] [Render thread/INFO] (NetworkManagerImpl) Registering C2S receiver with id ftbquests:change_progress_message
[21:17:08] [Render thread/INFO] (NetworkManagerImpl) Registering C2S receiver with id ftbquests:claim_all_rewards_message
[21:17:08] [Render thread/INFO] (NetworkManagerImpl) Registering C2S receiver with id ftbquests:claim_choice_reward_message
[21:17:08] [Render thread/INFO] (NetworkManagerImpl) Registering C2S receiver with id ftbquests:claim_reward_message
[21:17:08] [Render thread/INFO] (NetworkManagerImpl) Registering C2S receiver with id ftbquests:copy_chapter_image_message
[21:17:08] [Render thread/INFO] (NetworkManagerImpl) Registering C2S receiver with id ftbquests:copy_quest_message
[21:17:08] [Render thread/INFO] (NetworkManagerImpl) Registering C2S receiver with id ftbquests:create_object_message
[21:17:08] [Render thread/INFO] (NetworkManagerImpl) Registering C2S receiver with id ftbquests:create_task_at_message
[21:17:08] [Render thread/INFO] (NetworkManagerImpl) Registering C2S receiver with id ftbquests:delete_object_message
[21:17:08] [Render thread/INFO] (NetworkManagerImpl) Registering C2S receiver with id ftbquests:edit_object_message
[21:17:08] [Render thread/INFO] (NetworkManagerImpl) Registering C2S receiver with id ftbquests:force_save_message
[21:17:08] [Render thread/INFO] (NetworkManagerImpl) Registering C2S receiver with id ftbquests:give_item_to_player
[21:17:08] [Render thread/INFO] (NetworkManagerImpl) Registering C2S receiver with id ftbquests:get_emergency_items_message
[21:17:08] [Render thread/INFO] (NetworkManagerImpl) Registering C2S receiver with id ftbquests:move_chapter_group_message
[21:17:08] [Render thread/INFO] (NetworkManagerImpl) Registering C2S receiver with id ftbquests:move_chapter_message
[21:17:08] [Render thread/INFO] (NetworkManagerImpl) Registering C2S receiver with id ftbquests:move_movable_message
[21:17:08] [Render thread/INFO] (NetworkManagerImpl) Registering C2S receiver with id ftbquests:reorder_item
[21:17:08] [Render thread/INFO] (NetworkManagerImpl) Registering C2S receiver with id ftbquests:request_team_data_message
[21:17:08] [Render thread/INFO] (NetworkManagerImpl) Registering C2S receiver with id ftbquests:request_translation_table
[21:17:08] [Render thread/INFO] (NetworkManagerImpl) Registering C2S receiver with id ftbquests:set_custom_image_message
[21:17:08] [Render thread/INFO] (NetworkManagerImpl) Registering C2S receiver with id ftbquests:submit_task_message
[21:17:08] [Render thread/INFO] (NetworkManagerImpl) Registering C2S receiver with id ftbquests:sync_structures_request_message
[21:17:08] [Render thread/INFO] (NetworkManagerImpl) Registering C2S receiver with id ftbquests:sync_translation_to_server
[21:17:08] [Render thread/INFO] (NetworkManagerImpl) Registering C2S receiver with id ftbquests:block_config_response_message
[21:17:08] [Render thread/INFO] (NetworkManagerImpl) Registering C2S receiver with id ftbquests:toggle_editing_mode_message
[21:17:08] [Render thread/INFO] (NetworkManagerImpl) Registering C2S receiver with id ftbquests:toggle_pinned_message
[21:17:08] [Render thread/INFO] (NetworkManagerImpl) Registering S2C receiver with id ftbquests:change_chapter_group_response_message
[21:17:08] [Render thread/INFO] (NetworkManagerImpl) Registering S2C receiver with id ftbquests:claim_reward_response_message
[21:17:08] [Render thread/INFO] (NetworkManagerImpl) Registering S2C receiver with id ftbquests:clear_display_cache_message
[21:17:08] [Render thread/INFO] (NetworkManagerImpl) Registering S2C receiver with id ftbquests:create_object_response_message
[21:17:08] [Render thread/INFO] (NetworkManagerImpl) Registering S2C receiver with id ftbquests:create_other_team_data_message
[21:17:08] [Render thread/INFO] (NetworkManagerImpl) Registering S2C receiver with id ftbquests:custom_toast_message
[21:17:08] [Render thread/INFO] (NetworkManagerImpl) Registering S2C receiver with id ftbquests:delete_object_response_message
[21:17:08] [Render thread/INFO] (NetworkManagerImpl) Registering S2C receiver with id ftbquests:edit_object_response_message
[21:17:08] [Render thread/INFO] (NetworkManagerImpl) Registering S2C receiver with id ftbquests:move_chapter_group_response_message
[21:17:08] [Render thread/INFO] (NetworkManagerImpl) Registering S2C receiver with id ftbquests:move_chapter_response_message
[21:17:08] [Render thread/INFO] (NetworkManagerImpl) Registering S2C receiver with id ftbquests:move_movable_response_message
[21:17:08] [Render thread/INFO] (NetworkManagerImpl) Registering S2C receiver with id ftbquests:notify_completion_message
[21:17:08] [Render thread/INFO] (NetworkManagerImpl) Registering S2C receiver with id ftbquests:notify_item_reward_message
[21:17:08] [Render thread/INFO] (NetworkManagerImpl) Registering S2C receiver with id ftbquests:notify_reward_message
[21:17:08] [Render thread/INFO] (NetworkManagerImpl) Registering S2C receiver with id ftbquests:object_completed_message
[21:17:08] [Render thread/INFO] (NetworkManagerImpl) Registering S2C receiver with id ftbquests:object_completed_reset_message
[21:17:08] [Render thread/INFO] (NetworkManagerImpl) Registering S2C receiver with id ftbquests:object_started_message
[21:17:08] [Render thread/INFO] (NetworkManagerImpl) Registering S2C receiver with id ftbquests:object_started_reset_message
[21:17:08] [Render thread/INFO] (NetworkManagerImpl) Registering S2C receiver with id ftbquests:open_quest_book_message
[21:17:08] [Render thread/INFO] (NetworkManagerImpl) Registering S2C receiver with id ftbquests:reorder_item_response
[21:17:08] [Render thread/INFO] (NetworkManagerImpl) Registering S2C receiver with id ftbquests:reset_reward_message
[21:17:08] [Render thread/INFO] (NetworkManagerImpl) Registering S2C receiver with id ftbquests:sync_editing_mode_message
[21:17:08] [Render thread/INFO] (NetworkManagerImpl) Registering S2C receiver with id ftbquests:sync_editor_permission_message
[21:17:08] [Render thread/INFO] (NetworkManagerImpl) Registering S2C receiver with id ftbquests:sync_lock_message
[21:17:08] [Render thread/INFO] (NetworkManagerImpl) Registering S2C receiver with id ftbquests:sync_quests_message
[21:17:08] [Render thread/INFO] (NetworkManagerImpl) Registering S2C receiver with id ftbquests:sync_reward_blocking_message
[21:17:08] [Render thread/INFO] (NetworkManagerImpl) Registering S2C receiver with id ftbquests:sync_structures_response_message
[21:17:08] [Render thread/INFO] (NetworkManagerImpl) Registering S2C receiver with id ftbquests:sync_team_data_message
[21:17:08] [Render thread/INFO] (NetworkManagerImpl) Registering S2C receiver with id ftbquests:sync_translation_to_client
[21:17:08] [Render thread/INFO] (NetworkManagerImpl) Registering S2C receiver with id ftbquests:sync_translation_table
[21:17:08] [Render thread/INFO] (NetworkManagerImpl) Registering S2C receiver with id ftbquests:block_config_request_message
[21:17:08] [Render thread/INFO] (NetworkManagerImpl) Registering S2C receiver with id ftbquests:team_data_changed_message
[21:17:08] [Render thread/INFO] (NetworkManagerImpl) Registering S2C receiver with id ftbquests:toggle_pinned_response_message
[21:17:08] [Render thread/INFO] (NetworkManagerImpl) Registering S2C receiver with id ftbquests:update_task_progress_message
[21:17:08] [Render thread/INFO] (NetworkManagerImpl) Registering S2C receiver with id ftbquests:update_team_data_message
[21:17:09] [Render thread/INFO] (NetworkManagerImpl) Registering S2C receiver with id ftblibrary:edit_config
[21:17:09] [Render thread/INFO] (NetworkManagerImpl) Registering S2C receiver with id ftblibrary:edit_config_choice_packet
[21:17:09] [Render thread/INFO] (NetworkManagerImpl) Registering S2C receiver with id ftblibrary:edit_nbt
[21:17:09] [Render thread/INFO] (NetworkManagerImpl) Registering S2C receiver with id ftblibrary:sync_known_server_registries
[21:17:09] [Render thread/INFO] (NetworkManagerImpl) Registering S2C receiver with id ftblibrary:sync_config_from_server_packet
[21:17:09] [Render thread/INFO] (NetworkManagerImpl) Registering S2C receiver with id ftblibrary:sidebar_button_visibility
[21:17:09] [Render thread/INFO] (NetworkManagerImpl) Registering C2S receiver with id ftblibrary:edit_nbt_response
[21:17:09] [Render thread/INFO] (NetworkManagerImpl) Registering C2S receiver with id ftblibrary:sync_config_to_server_packet
[21:17:09] [Render thread/INFO] (rpgmana) Loading RPGMANA
[21:17:09] [Render thread/INFO] (icon-leading-tooltip) Hello Fabric world!
[21:17:10] [Render thread/INFO] (owo) glisco: I like this approach, cause it's stateless. And stateless approaches are always good since state management is pain - BasiqueEvangelist: I like french bread
[21:17:10] [Render thread/INFO] (In-game NBTEdit Reborn) Loading NBTEdit ver: 5.2.11 on mc 1.21.1, build at 2025-01-26T11:13:35.418553700+08:00
[21:17:10] [Render thread/WARN] (FabricLoader/Mixin) @Inject(@At("INVOKE")) Shift.BY=2 on accessories-tclayer.mixins.json:client.LivingEntityRendererMixin from mod tclayer::handler$bho000$tclayer$toggleOnEntityAccessoriesToCosmeticLookup exceeds the maximum allowed value: 0. Increase the value of maxShiftBy to suppress this warning.
[21:17:11] [Render thread/INFO] (FTB XMod Compat) Chose [Entity Tags] as the active game stages implementation
[21:17:11] [Render thread/INFO] (FTB Library) Setting permissions provider implementation to: FTB Ranks
[21:17:11] [Render thread/INFO] (FTB XMod Compat) Chose [FTB Ranks] as the active permissions implementation
[21:17:11] [Render thread/INFO] (FTB Library) Setting permissions currency implementation to: <NONE>
[21:17:11] [Render thread/INFO] (FTB XMod Compat) Chose [<NONE>] as the active currency implementation
[21:17:11] [Render thread/INFO] (FTB XMod Compat) [FTB Quests] recipe helper provider is [NO-OP]
[21:17:11] [Render thread/INFO] (FTB XMod Compat) [FTB Quests] Enabled FTB Filter System integration
[21:17:11] [Render thread/INFO] (FTB XMod Compat) [FTB Chunks] FTB Ranks detected, listening for ranks events
[21:17:12] [Render thread/INFO] (NetworkManagerImpl) Registering S2C receiver with id architectury:spawn_entity_packet
[21:17:12] [Render thread/INFO] (fzzy_config) Loaded config manaattributes:client in 127ms
[21:17:13] [Render thread/INFO] (fzzy_config) Loaded config staminaattributes:client in 140ms
[21:17:13] [Render thread/ERROR] (Mod Menu) Mod paladins provides a broken implementation of ModMenuApi
net.fabricmc.loader.api.EntrypointException: Exception while loading entries for entrypoint 'modmenu' provided by 'paladins'
	at net.fabricmc.loader.impl.entrypoint.EntrypointContainerImpl.getEntrypoint(EntrypointContainerImpl.java:56) ~[fabric-loader-0.17.2.jar:?]
	at knot/com.terraformersmc.modmenu.ModMenu.lambda$onInitializeClient$0(ModMenu.java:104) ~[modmenu-11.0.3-64b5720b4b825f21.jar:?]
	at java.base/java.util.ArrayList.forEach(ArrayList.java:1596) ~[?:?]
	at knot/com.terraformersmc.modmenu.ModMenu.onInitializeClient(ModMenu.java:99) ~[modmenu-11.0.3-64b5720b4b825f21.jar:?]
	at net.fabricmc.loader.impl.FabricLoaderImpl.invokeEntrypoints(FabricLoaderImpl.java:405) [fabric-loader-0.17.2.jar:?]
	at net.fabricmc.loader.impl.game.minecraft.Hooks.startClient(Hooks.java:53) [fabric-loader-0.17.2.jar:?]
	at knot/net.minecraft.client.Minecraft.<init>(Minecraft.java:477) [minecraft-merged-9125206070-1.21.1-loom.mappings.1_21_1.layered+hash.40359-v2.jar:?]
	at knot/net.minecraft.client.main.Main.main(Main.java:239) [minecraft-merged-9125206070-1.21.1-loom.mappings.1_21_1.layered+hash.40359-v2.jar:?]
	at net.fabricmc.loader.impl.game.minecraft.MinecraftGameProvider.launch(MinecraftGameProvider.java:506) [fabric-loader-0.17.2.jar:?]
	at net.fabricmc.loader.impl.launch.knot.Knot.launch(Knot.java:72) [fabric-loader-0.17.2.jar:?]
	at net.fabricmc.loader.impl.launch.knot.KnotClient.main(KnotClient.java:23) [fabric-loader-0.17.2.jar:?]
	at net.fabricmc.devlaunchinjector.Main.main(Main.java:86) [dev-launch-injector-0.2.1+build.8.jar:?]
	at dev.architectury.transformer.TransformerRuntime.main(TransformerRuntime.java:220) [architectury-transformer-5.2.87-runtime.jar:5.2.87]
Caused by: net.fabricmc.loader.api.LanguageAdapterException: java.lang.ClassNotFoundException: net.spell_engine.client.compatibility.ModMenuCompatibility
	at net.fabricmc.loader.impl.util.DefaultLanguageAdapter.create(DefaultLanguageAdapter.java:52) ~[fabric-loader-0.17.2.jar:?]
	at net.fabricmc.loader.impl.entrypoint.EntrypointStorage$NewEntry.getOrCreate(EntrypointStorage.java:124) ~[fabric-loader-0.17.2.jar:?]
	at net.fabricmc.loader.impl.entrypoint.EntrypointContainerImpl.getEntrypoint(EntrypointContainerImpl.java:53) ~[fabric-loader-0.17.2.jar:?]
	... 12 more
Caused by: java.lang.ClassNotFoundException: net.spell_engine.client.compatibility.ModMenuCompatibility
	at java.base/jdk.internal.loader.BuiltinClassLoader.loadClass(BuiltinClassLoader.java:641) ~[?:?]
	at java.base/java.lang.ClassLoader.loadClass(ClassLoader.java:526) ~[?:?]
	at net.fabricmc.loader.impl.launch.knot.KnotClassDelegate.loadClass(KnotClassDelegate.java:239) ~[fabric-loader-0.17.2.jar:?]
	at net.fabricmc.loader.impl.launch.knot.KnotClassLoader.loadClass(KnotClassLoader.java:119) ~[fabric-loader-0.17.2.jar:?]
	at java.base/java.lang.ClassLoader.loadClass(ClassLoader.java:526) ~[?:?]
	at java.base/java.lang.Class.forName0(Native Method) ~[?:?]
	at java.base/java.lang.Class.forName(Class.java:534) ~[?:?]
	at java.base/java.lang.Class.forName(Class.java:513) ~[?:?]
	at net.fabricmc.loader.impl.util.DefaultLanguageAdapter.create(DefaultLanguageAdapter.java:50) ~[fabric-loader-0.17.2.jar:?]
	at net.fabricmc.loader.impl.entrypoint.EntrypointStorage$NewEntry.getOrCreate(EntrypointStorage.java:124) ~[fabric-loader-0.17.2.jar:?]
	at net.fabricmc.loader.impl.entrypoint.EntrypointContainerImpl.getEntrypoint(EntrypointContainerImpl.java:53) ~[fabric-loader-0.17.2.jar:?]
	... 12 more
[21:17:13] [Render thread/ERROR] (Mod Menu) Mod wizards provides a broken implementation of ModMenuApi
net.fabricmc.loader.api.EntrypointException: Exception while loading entries for entrypoint 'modmenu' provided by 'wizards'
	at net.fabricmc.loader.impl.entrypoint.EntrypointContainerImpl.getEntrypoint(EntrypointContainerImpl.java:56) ~[fabric-loader-0.17.2.jar:?]
	at knot/com.terraformersmc.modmenu.ModMenu.lambda$onInitializeClient$0(ModMenu.java:104) ~[modmenu-11.0.3-64b5720b4b825f21.jar:?]
	at java.base/java.util.ArrayList.forEach(ArrayList.java:1596) ~[?:?]
	at knot/com.terraformersmc.modmenu.ModMenu.onInitializeClient(ModMenu.java:99) ~[modmenu-11.0.3-64b5720b4b825f21.jar:?]
	at net.fabricmc.loader.impl.FabricLoaderImpl.invokeEntrypoints(FabricLoaderImpl.java:405) [fabric-loader-0.17.2.jar:?]
	at net.fabricmc.loader.impl.game.minecraft.Hooks.startClient(Hooks.java:53) [fabric-loader-0.17.2.jar:?]
	at knot/net.minecraft.client.Minecraft.<init>(Minecraft.java:477) [minecraft-merged-9125206070-1.21.1-loom.mappings.1_21_1.layered+hash.40359-v2.jar:?]
	at knot/net.minecraft.client.main.Main.main(Main.java:239) [minecraft-merged-9125206070-1.21.1-loom.mappings.1_21_1.layered+hash.40359-v2.jar:?]
	at net.fabricmc.loader.impl.game.minecraft.MinecraftGameProvider.launch(MinecraftGameProvider.java:506) [fabric-loader-0.17.2.jar:?]
	at net.fabricmc.loader.impl.launch.knot.Knot.launch(Knot.java:72) [fabric-loader-0.17.2.jar:?]
	at net.fabricmc.loader.impl.launch.knot.KnotClient.main(KnotClient.java:23) [fabric-loader-0.17.2.jar:?]
	at net.fabricmc.devlaunchinjector.Main.main(Main.java:86) [dev-launch-injector-0.2.1+build.8.jar:?]
	at dev.architectury.transformer.TransformerRuntime.main(TransformerRuntime.java:220) [architectury-transformer-5.2.87-runtime.jar:5.2.87]
Caused by: net.fabricmc.loader.api.LanguageAdapterException: java.lang.ClassNotFoundException: net.spell_engine.client.compatibility.ModMenuCompatibility
	at net.fabricmc.loader.impl.util.DefaultLanguageAdapter.create(DefaultLanguageAdapter.java:52) ~[fabric-loader-0.17.2.jar:?]
	at net.fabricmc.loader.impl.entrypoint.EntrypointStorage$NewEntry.getOrCreate(EntrypointStorage.java:124) ~[fabric-loader-0.17.2.jar:?]
	at net.fabricmc.loader.impl.entrypoint.EntrypointContainerImpl.getEntrypoint(EntrypointContainerImpl.java:53) ~[fabric-loader-0.17.2.jar:?]
	... 12 more
Caused by: java.lang.ClassNotFoundException: net.spell_engine.client.compatibility.ModMenuCompatibility
	at java.base/jdk.internal.loader.BuiltinClassLoader.loadClass(BuiltinClassLoader.java:641) ~[?:?]
	at java.base/java.lang.ClassLoader.loadClass(ClassLoader.java:526) ~[?:?]
	at net.fabricmc.loader.impl.launch.knot.KnotClassDelegate.loadClass(KnotClassDelegate.java:239) ~[fabric-loader-0.17.2.jar:?]
	at net.fabricmc.loader.impl.launch.knot.KnotClassLoader.loadClass(KnotClassLoader.java:119) ~[fabric-loader-0.17.2.jar:?]
	at java.base/java.lang.ClassLoader.loadClass(ClassLoader.java:526) ~[?:?]
	at java.base/java.lang.Class.forName0(Native Method) ~[?:?]
	at java.base/java.lang.Class.forName(Class.java:534) ~[?:?]
	at java.base/java.lang.Class.forName(Class.java:513) ~[?:?]
	at net.fabricmc.loader.impl.util.DefaultLanguageAdapter.create(DefaultLanguageAdapter.java:50) ~[fabric-loader-0.17.2.jar:?]
	at net.fabricmc.loader.impl.entrypoint.EntrypointStorage$NewEntry.getOrCreate(EntrypointStorage.java:124) ~[fabric-loader-0.17.2.jar:?]
	at net.fabricmc.loader.impl.entrypoint.EntrypointContainerImpl.getEntrypoint(EntrypointContainerImpl.java:53) ~[fabric-loader-0.17.2.jar:?]
	... 12 more
[21:17:13] [Render thread/INFO] (Mod Menu/Update Checker) Checking mod updates...
[21:17:14] [Render thread/INFO] (fzzy_config) Loaded config fzzy_config:keybinds in 116ms
[21:17:15] [Render thread/INFO] (Indigo) [Indigo] Registering Indigo renderer!
[21:17:15] [Render thread/INFO] (In-game NBTEdit Reborn) Fabric Permissions API detected, using it.
[21:17:15] [Render thread/INFO] (owo) Services frozen by 'net.minecraft.client.Minecraft'
[21:17:16] [Render thread/INFO] (Minecraft) Backend library: LWJGL version 3.3.3-snapshot
[21:17:18] [Worker-Main-1/INFO] (Mod Menu/Update Checker) Update available for 'kevs-attributes-panel@1.1.5.8', (-> 1.1.6.1)
[21:17:18] [Worker-Main-1/INFO] (Mod Menu/Update Checker) Update available for 'azurelibarmor@3.0.18', (-> 3.0.21)
[21:17:18] [Worker-Main-1/INFO] (Mod Menu/Update Checker) Update available for 'fabric-language-kotlin@1.13.4+kotlin.2.2.0', (-> 1.13.6+kotlin.2.2.20)
[21:17:18] [Worker-Main-1/INFO] (Mod Menu/Update Checker) Update available for 'spell_engine@1.8.0+1.21.1', (-> 1.8.2+1.21.1-fabric)
[21:17:18] [Worker-Main-1/INFO] (Mod Menu/Update Checker) Update available for 'projectileimmunityfix@{version}', (-> 1.0.8)
[21:17:18] [Worker-Main-1/INFO] (Mod Menu/Update Checker) Update available for 'puffish_attributes@0.7.4', (-> 0.7.6)
[21:17:18] [Worker-Main-1/INFO] (Mod Menu/Update Checker) Update available for 'paladins@2.5.1+1.21.1', (-> 2.6.0+1.21.1-fabric)
[21:17:18] [Worker-Main-1/INFO] (Mod Menu/Update Checker) Update available for 'manaattributes@2.7.0', (-> 2.9.1)
[21:17:18] [Worker-Main-1/INFO] (Mod Menu/Update Checker) Update available for 'ranged_weapon_api@2.1.1+1.21.1', (-> 2.2.0+1.21.1-fabric)
[21:17:18] [Worker-Main-1/INFO] (Mod Menu/Update Checker) Update available for 'staminaattributes@2.7.0', (-> 2.9.2)
[21:17:18] [Worker-Main-1/INFO] (Mod Menu/Update Checker) Update available for 'wizards@2.5.0+1.21.1', (-> 2.6.0+1.21.1-fabric)
[21:17:18] [Worker-Main-1/INFO] (Mod Menu/Update Checker) Update available for 'azurelib@3.0.27', (-> 3.0.39)
[21:17:18] [Worker-Main-1/INFO] (Mod Menu/Update Checker) Update available for 'showmeyourbuild@1.0.2', (-> 1.0.3.2)
[21:17:18] [Worker-Main-1/INFO] (Mod Menu/Update Checker) Update available for 'spell_power@1.4.0+1.21.1', (-> 1.4.1+1.21.1-fabric)
[21:17:18] [Worker-Main-1/INFO] (Mod Menu/Update Checker) Update available for 'runes@1.1.3+1.21.1', (-> 1.2.0+1.21.1-fabric)
[21:17:18] [Render thread/INFO] (Minecraft) Reloading ResourceManager: vanilla, fabric, accessories, azurelib, blabber, bundleapi, cardinal-components, cardinal-components-base, cardinal-components-block, cardinal-components-chunk, cardinal-components-entity, cardinal-components-item, cardinal-components-level, cardinal-components-scoreboard, cardinal-components-world, cloth-config, emi, fabric-api, fabric-api-base, fabric-api-lookup-api-v1, fabric-biome-api-v1, fabric-block-api-v1, fabric-block-view-api-v2, fabric-blockrenderlayer-v1, fabric-client-tags-api-v1, fabric-command-api-v1, fabric-command-api-v2, fabric-commands-v0, fabric-content-registries-v0, fabric-convention-tags-v1, fabric-convention-tags-v2, fabric-crash-report-info-v1, fabric-data-attachment-api-v1, fabric-data-generation-api-v1, fabric-dimensions-v1, fabric-entity-events-v1, fabric-events-interaction-v0, fabric-game-rule-api-v1, fabric-gametest-api-v1, fabric-item-api-v1, fabric-item-group-api-v1, fabric-key-binding-api-v1, fabric-keybindings-v0, fabric-language-kotlin, fabric-lifecycle-events-v1, fabric-loot-api-v2, fabric-loot-api-v3, fabric-message-api-v1, fabric-model-loading-api-v1, fabric-networking-api-v1, fabric-object-builder-api-v1, fabric-particles-v1, fabric-recipe-api-v1, fabric-registry-sync-v0, fabric-renderer-api-v1, fabric-renderer-indigo, fabric-renderer-registries-v1, fabric-rendering-data-attachment-v1, fabric-rendering-fluids-v1, fabric-rendering-v0, fabric-rendering-v1, fabric-resource-conditions-api-v1, fabric-resource-loader-v0, fabric-screen-api-v1, fabric-screen-handler-api-v1, fabric-sound-api-v1, fabric-transfer-api-v1, fabric-transitive-access-wideners-v1, fabricloader, ftbchunks, ftbessentials, ftbfiltersystem, ftblibrary, ftbquests, ftbteams, ftbxmodcompat, fzzy_config, generated_6df51af, icon-leading-tooltip, kevs-attributes-panel, manaattributes, modmenu, nbtedit, owo, paladins, playeranimator, projectileimmunityfix, puffish_attributes, puffish_skills, ranged_weapon_api, resourcebarapi, rpgmana, runes, shield_api, showmeyourbuild, spark, spell_engine, spell_power, staminaattributes, structure_pool_api, tclayer, team_reborn_energy, wizards
[21:17:19] [Worker-Main-4/INFO] (Minecraft) Found unifont_all_no_pua-15.1.05.hex, loading
[21:17:19] [Worker-Main-4/INFO] (Minecraft) Found unifont_jp_patch-15.1.05.hex, loading
[21:17:21] [Worker-Main-1/WARN] (Minecraft) Unable to load model: 'witcher_rpg:item/enhanced_fencing_scroll' referenced from: spell_engine:item/scroll: java.io.FileNotFoundException: witcher_rpg:models/item/enhanced_fencing_scroll.json
[21:17:21] [Worker-Main-1/WARN] (Minecraft) Unable to load model: 'archers_expansion:item/deadeye_scroll' referenced from: spell_engine:item/scroll: java.io.FileNotFoundException: archers_expansion:models/item/deadeye_scroll.json
[21:17:21] [Worker-Main-1/WARN] (Minecraft) Unable to load model: 'elemental_wizards_rpg:item/wind_scroll' referenced from: spell_engine:item/scroll: java.io.FileNotFoundException: elemental_wizards_rpg:models/item/wind_scroll.json
[21:17:21] [Worker-Main-1/WARN] (Minecraft) Unable to load model: 'elemental_wizards_rpg:item/terra_scroll' referenced from: spell_engine:item/scroll: java.io.FileNotFoundException: elemental_wizards_rpg:models/item/terra_scroll.json
[21:17:21] [Worker-Main-1/WARN] (Minecraft) Unable to load model: 'witcher_rpg:item/base_signs_scroll' referenced from: spell_engine:item/scroll: java.io.FileNotFoundException: witcher_rpg:models/item/base_signs_scroll.json
[21:17:21] [Worker-Main-1/WARN] (Minecraft) Unable to load model: 'witcher_rpg:item/enhanced_signs_scroll' referenced from: spell_engine:item/scroll: java.io.FileNotFoundException: witcher_rpg:models/item/enhanced_signs_scroll.json
[21:17:21] [Worker-Main-1/WARN] (Minecraft) Unable to load model: 'forcemaster_rpg:item/forcemaster_scroll' referenced from: spell_engine:item/scroll: java.io.FileNotFoundException: forcemaster_rpg:models/item/forcemaster_scroll.json
[21:17:21] [Worker-Main-1/WARN] (Minecraft) Unable to load model: 'witcher_rpg:item/fencing_scroll' referenced from: spell_engine:item/scroll: java.io.FileNotFoundException: witcher_rpg:models/item/fencing_scroll.json
[21:17:21] [Worker-Main-1/WARN] (Minecraft) Unable to load model: 'archers_expansion:item/war_archer_scroll' referenced from: spell_engine:item/scroll: java.io.FileNotFoundException: archers_expansion:models/item/war_archer_scroll.json
[21:17:21] [Worker-Main-1/WARN] (Minecraft) Unable to load model: 'berserker_rpg:item/berserker_scroll' referenced from: spell_engine:item/scroll: java.io.FileNotFoundException: berserker_rpg:models/item/berserker_scroll.json
[21:17:21] [Worker-Main-1/WARN] (Minecraft) Unable to load model: 'archers_expansion:item/tundra_hunter_scroll' referenced from: spell_engine:item/scroll: java.io.FileNotFoundException: archers_expansion:models/item/tundra_hunter_scroll.json
[21:17:21] [Worker-Main-1/WARN] (Minecraft) Unable to load model: 'archers:item/archer_scroll' referenced from: spell_engine:item/scroll: java.io.FileNotFoundException: archers:models/item/archer_scroll.json
[21:17:21] [Worker-Main-1/WARN] (Minecraft) Unable to load model: 'elemental_wizards_rpg:item/aqua_scroll' referenced from: spell_engine:item/scroll: java.io.FileNotFoundException: elemental_wizards_rpg:models/item/aqua_scroll.json
[21:17:21] [Worker-Main-1/WARN] (Minecraft) Unable to load model: 'rogues:item/warrior_scroll' referenced from: spell_engine:item/scroll: java.io.FileNotFoundException: rogues:models/item/warrior_scroll.json
[21:17:21] [Worker-Main-1/WARN] (Minecraft) Unable to load model: 'rogues:item/rogue_scroll' referenced from: spell_engine:item/scroll: java.io.FileNotFoundException: rogues:models/item/rogue_scroll.json
[21:17:23] [Render thread/WARN] (Minecraft) Missing sound for event: minecraft:item.goat_horn.play
[21:17:23] [Render thread/WARN] (Minecraft) Missing sound for event: minecraft:entity.goat.screaming.horn_break
[21:17:25] [Render thread/INFO] (Minecraft) OpenAL initialized on device OpenAL Soft on Speakers (Conexant SmartAudio HD)
[21:17:25] [Render thread/INFO] (Minecraft) Sound engine started
[21:17:25] [Render thread/INFO] (Minecraft) Created: 1024x1024x4 minecraft:textures/atlas/blocks.png-atlas
[21:17:25] [Render thread/INFO] (Minecraft) Created: 256x256x4 minecraft:textures/atlas/signs.png-atlas
[21:17:25] [Render thread/INFO] (Minecraft) Created: 512x512x4 minecraft:textures/atlas/banner_patterns.png-atlas
[21:17:25] [Render thread/INFO] (Minecraft) Created: 512x512x4 minecraft:textures/atlas/shield_patterns.png-atlas
[21:17:25] [Render thread/INFO] (Minecraft) Created: 1024x1024x4 minecraft:textures/atlas/armor_trims.png-atlas
[21:17:25] [Render thread/INFO] (Minecraft) Created: 256x256x4 minecraft:textures/atlas/chest.png-atlas
[21:17:25] [Render thread/INFO] (Minecraft) Created: 128x64x4 minecraft:textures/atlas/decorated_pot.png-atlas
[21:17:25] [Render thread/INFO] (Minecraft) Created: 512x256x4 minecraft:textures/atlas/shulker_boxes.png-atlas
[21:17:25] [Render thread/INFO] (Minecraft) Created: 512x256x4 minecraft:textures/atlas/beds.png-atlas
[21:17:26] [Render thread/INFO] (Minecraft) Created: 2048x1024x0 minecraft:textures/atlas/particles.png-atlas
[21:17:26] [Render thread/INFO] (Minecraft) Created: 512x256x0 minecraft:textures/atlas/paintings.png-atlas
[21:17:26] [Render thread/INFO] (Minecraft) Created: 256x128x0 minecraft:textures/atlas/mob_effects.png-atlas
[21:17:26] [Render thread/INFO] (Minecraft) Created: 64x64x0 minecraft:textures/atlas/map_decorations.png-atlas
[21:17:26] [Render thread/INFO] (Minecraft) Created: 1024x1024x0 minecraft:textures/atlas/gui.png-atlas
[21:17:26] [Render thread/WARN] (Minecraft) Shader rendertype_entity_translucent_emissive could not find sampler named Sampler2 in the specified shader program.
[21:17:41] [Worker-Main-4/INFO] (FTB Ranks) Loading command nodes...
[21:17:41] [Worker-Main-4/INFO] (FTB Ranks) Loaded 2258 command nodes
[21:17:42] [Worker-Main-1/WARN] (Minecraft) Adding Entries to [TagKey[minecraft:item / tclayer:all_trinket_items]]: 
     [#runes:pouches (from runes), #spell_engine:spell_quiver (from spell_engine), rpgmana:manaflow_medallion (from rpgmana), rpgmana:eye_of_the_storm (from rpgmana), #runes:pouches (from runes), #spell_engine:spell_quiver (from spell_engine), #spell_engine:spell_books (from spell_engine), spell_engine:scroll (from spell_engine), rpgmana:iolitering (from rpgmana), rpgmana:vermillionring (from rpgmana), rpgmana:ceruleanring (from rpgmana), rpgmana:onyxring (from rpgmana), rpgmana:onyx_awakened (from rpgmana), rpgmana:vermillion_awakened (from rpgmana), rpgmana:cerulean_awakened (from rpgmana), rpgmana:iolite_awakened (from rpgmana), rpgmana:unsetring (from rpgmana), rpgmana:iolitering (from rpgmana), rpgmana:vermillionring (from rpgmana), rpgmana:ceruleanring (from rpgmana), rpgmana:onyxring (from rpgmana), rpgmana:onyx_awakened (from rpgmana), rpgmana:vermillion_awakened (from rpgmana), rpgmana:cerulean_awakened (from rpgmana), rpgmana:iolite_awakened (from rpgmana), rpgmana:unsetring (from rpgmana), spell_engine:scroll (from spell_engine)]
[21:17:42] [Worker-Main-1/WARN] (Minecraft) Adding Entries from [trinkets:offhand/ring] to [accessories:ring]: 
     [rpgmana:iolitering (from rpgmana), rpgmana:vermillionring (from rpgmana), rpgmana:ceruleanring (from rpgmana), rpgmana:onyxring (from rpgmana), rpgmana:onyx_awakened (from rpgmana), rpgmana:vermillion_awakened (from rpgmana), rpgmana:cerulean_awakened (from rpgmana), rpgmana:iolite_awakened (from rpgmana), rpgmana:unsetring (from rpgmana)]
[21:17:42] [Worker-Main-1/WARN] (Minecraft) Adding Entries from [trinkets:spell/quiver] to [accessories:trinket_group_spell-quiver]: 
     [#runes:pouches (from runes), #spell_engine:spell_quiver (from spell_engine)]
[21:17:42] [Worker-Main-1/WARN] (Minecraft) Adding Entries from [trinkets:spell/scroll] to [accessories:trinket_group_spell-scroll]: 
     [spell_engine:scroll (from spell_engine)]
[21:17:42] [Worker-Main-1/WARN] (Minecraft) Adding Entries from [trinkets:spell/book] to [accessories:trinket_group_spell-book]: 
     [#spell_engine:spell_books (from spell_engine), spell_engine:scroll (from spell_engine)]
[21:17:42] [Worker-Main-1/WARN] (Minecraft) Adding Entries from [trinkets:misc/quiver] to [accessories:trinket_group_misc-quiver]: 
     [#runes:pouches (from runes), #spell_engine:spell_quiver (from spell_engine)]
[21:17:42] [Worker-Main-1/WARN] (Minecraft) Adding Entries from [trinkets:chest/necklace] to [accessories:necklace]: 
     [rpgmana:manaflow_medallion (from rpgmana), rpgmana:eye_of_the_storm (from rpgmana)]
[21:17:43] [Render thread/INFO] (Minecraft) Loaded 1572 recipes
[21:17:44] [Render thread/INFO] (Minecraft) Loaded 1590 advancements
[21:17:45] [Render thread/INFO] (BiomeModificationImpl) Applied 0 biome modifications to 0 of 64 new biomes in 1.572 ms
[21:17:45] [Server thread/INFO] (puffish_skills) [puffish_skills] Mod configuration loaded successfully!
[21:17:45] [Server thread/INFO] (puffish_skills) [puffish_skills] Data pack `puffish_skills` loaded successfully!
[21:17:46] [Server thread/INFO] (FTB Teams) loaded team data: 38 known players, 38 teams total
[21:17:46] [Server thread/INFO] (spark) Starting background profiler...
[21:17:46] [Server thread/INFO] (spark) The async-profiler engine is not supported for your os/arch (windows10/amd64), so the built-in Java engine will be used instead.
[21:17:46] [Server thread/INFO] (Minecraft) [STDOUT]: Encoded SpellRegistry size (with package overhead): ??? bytes (in 1 string chunks with the size of 10000)
[21:17:46] [Server thread/INFO] (Minecraft) Starting integrated minecraft server version 1.21.1
[21:17:46] [Server thread/INFO] (Minecraft) Generating keypair
[21:17:47] [Server thread/INFO] (Minecraft) Preparing start region for dimension minecraft:overworld
[21:17:48] [Render thread/INFO] (Minecraft) Preparing spawn area: 0%
[21:17:48] [Render thread/INFO] (Minecraft) Preparing spawn area: 0%
[21:17:48] [Render thread/INFO] (Minecraft) Preparing spawn area: 18%
[21:17:48] [Render thread/INFO] (Minecraft) Time elapsed: 1707 ms
[21:17:49] [Server thread/INFO] (FTB Ranks) Loaded 3 ranks
[21:17:49] [Server thread/INFO] (FTB Quests) Loading quests from D:\IdeaProjects\MoreQuestTypes\fabric\run\config\ftbquests\quests
[21:17:49] [Server thread/INFO] (FTB Quests) loaded translation tables for 1 language(s)
[21:17:49] [Server thread/INFO] (FTB Quests) Loaded 1 chapter groups, 1 chapters, 14 quests, 0 reward tables
[21:17:49] [Server thread/WARN] (ConventionLogWarnings) 
	Dev warning - Legacy Tags detected. Please migrate your old tags to our new format that follows better conventions!
	See classes under net.fabricmc.fabric.api.tag.convention.v2 package for all tags.

	NOTE: Many tags have been moved around or renamed. Some new ones were added so please review the new tags.
	And make sure you follow tag conventions for new tags! The convention is `c` with nouns generally being plural and adjectives being singular.
	You can disable this message by this system property to your runs: `-Dfabric-tag-conventions-v1.legacyTagWarning=SILENCED`.
	To see individual legacy tags found, set the system property to `-Dfabric-tag-conventions-v1.legacyTagWarning=VERBOSE` instead. Default is `SHORT`.

[21:17:49] [Server thread/WARN] (TranslationConventionLogWarnings) 
	Dev warning - Untranslated Item Tags detected. Please translate your item tags so other mods such as recipe viewers can properly display your tag's name.
	The format desired is tag.item.<namespace>.<path> for the translation key with slashes in path turned into periods.
	To disable this message, set this system property in your runs: `-Dfabric-tag-conventions-v2.missingTagTranslationWarning=SILENCED`.
	To see individual untranslated item tags found, set the system property to `-Dfabric-tag-conventions-v2.missingTagTranslationWarning=VERBOSE`.
	Default is `SHORT`.

[21:17:49] [Server thread/INFO] (Minecraft) Changing view distance to 2, from 10
[21:17:49] [Server thread/INFO] (Minecraft) Changing simulation distance to 5, from 0
[21:17:50] [Netty Server IO #1/INFO] (owo) [Handshake] Sending channel packet
[21:17:50] [Netty Local Client IO #0/INFO] (owo) [Handshake] Sending client channels
[21:17:50] [Netty Server IO #1/INFO] (owo) [Handshake] Receiving client channels
[21:17:50] [Netty Server IO #1/INFO] (owo) [Handshake] Handshake completed successfully
[21:17:51] [Render thread/INFO] (EMI) [EMI] Recipes synchronized, waiting for tags to reload EMI...
[21:17:51] [Server thread/INFO] (Minecraft) Player354[local:E:de033f86] logged in with entity id 77 at (6.300000011920929, -60.0, 0.18499063714909783)
[21:17:51] [Server thread/INFO] (owo) Sending server config values to client
[21:17:52] [Server thread/INFO] (Minecraft) Player354 joined the game
[21:17:52] [Render thread/WARN] (AccessoriesHolderImpl) It seems the given player has no slots bound to it within a init call, is that desired?
[21:17:52] [Render thread/INFO] (EMI) [EMI] Joining server, EMI waiting for data from server...
[21:17:52] [Render thread/INFO] (owo) Applying server overrides
[21:17:52] [Render thread/INFO] (owo) Responding with client values
[21:17:52] [Render thread/INFO] (EMI) [EMI] Tags synchronized, reloading EMI
[21:17:52] [Render thread/INFO] (EMI) [EMI] Starting Reload
[21:17:52] [Thread-11/INFO] (EMI) [EMI] Starting EMI reload...
[21:17:52] [Thread-11/INFO] (EMI) [EMI] Clearing data
[21:17:52] [Render thread/WARN] (Minecraft) Unknown recipe category: [!!!com.mojang.logging.LogUtils$1ToString@54ce69d7=>java.lang.NullPointerException:Cannot invoke "Object.toString()" because the return value of "java.util.function.Supplier.get()" is null!!!]/runes:arcane_rune_medium_altar
[21:17:52] [Render thread/WARN] (Minecraft) Unknown recipe category: [!!!com.mojang.logging.LogUtils$1ToString@1721bbf4=>java.lang.NullPointerException:Cannot invoke "Object.toString()" because the return value of "java.util.function.Supplier.get()" is null!!!]/runes:fire_rune_medium_altar
[21:17:52] [Render thread/WARN] (Minecraft) Unknown recipe category: [!!!com.mojang.logging.LogUtils$1ToString@6fd1c9a2=>java.lang.NullPointerException:Cannot invoke "Object.toString()" because the return value of "java.util.function.Supplier.get()" is null!!!]/runes:fire_rune_small_altar
[21:17:52] [Render thread/WARN] (Minecraft) Unknown recipe category: [!!!com.mojang.logging.LogUtils$1ToString@392fb857=>java.lang.NullPointerException:Cannot invoke "Object.toString()" because the return value of "java.util.function.Supplier.get()" is null!!!]/runes:arcane_rune_small_altar
[21:17:52] [Render thread/WARN] (Minecraft) Unknown recipe category: [!!!com.mojang.logging.LogUtils$1ToString@311d07f4=>java.lang.NullPointerException:Cannot invoke "Object.toString()" because the return value of "java.util.function.Supplier.get()" is null!!!]/runes:healing_rune_medium_altar
[21:17:52] [Render thread/WARN] (Minecraft) Unknown recipe category: [!!!com.mojang.logging.LogUtils$1ToString@64ef227a=>java.lang.NullPointerException:Cannot invoke "Object.toString()" because the return value of "java.util.function.Supplier.get()" is null!!!]/runes:frost_rune_medium_altar
[21:17:52] [Render thread/WARN] (Minecraft) Unknown recipe category: [!!!com.mojang.logging.LogUtils$1ToString@512192fe=>java.lang.NullPointerException:Cannot invoke "Object.toString()" because the return value of "java.util.function.Supplier.get()" is null!!!]/runes:healing_rune_small_altar
[21:17:52] [Render thread/WARN] (Minecraft) Unknown recipe category: [!!!com.mojang.logging.LogUtils$1ToString@fa5bd9e=>java.lang.NullPointerException:Cannot invoke "Object.toString()" because the return value of "java.util.function.Supplier.get()" is null!!!]/runes:frost_rune_small_altar
[21:17:52] [Thread-11/INFO] (EMI) [EMI] Initializing plugin from emi
[21:17:52] [Thread-11/INFO] (EMI) [EMI] Initialized plugin from emi in 11ms
[21:17:52] [Thread-11/INFO] (EMI) [EMI] Initializing plugin from accessories
[21:17:52] [Thread-11/INFO] (EMI) [EMI] Initialized plugin from accessories in 0ms
[21:17:52] [Thread-11/INFO] (EMI) [EMI] Initializing plugin from tclayer
[21:17:52] [Thread-11/INFO] (EMI) [EMI] Initialized plugin from tclayer in 0ms
[21:17:52] [Thread-11/INFO] (EMI) [EMI] Initializing plugin from ftblibrary
[21:17:52] [Render thread/INFO] (FTB Quests) Read 1916 bytes, 36 objects
[21:17:52] [Thread-11/INFO] (EMI) [EMI] Initialized plugin from ftblibrary in 33ms
[21:17:52] [Thread-11/INFO] (EMI) [EMI] Initializing plugin from owo
[21:17:52] [Thread-11/INFO] (EMI) [EMI] Initialized plugin from owo in 0ms
[21:17:52] [Thread-11/INFO] (EMI) [EMI] Processing tags
[21:17:52] [Thread-11/ERROR] (EMI) [EMI] Untranslated tag #accessories:necklace
[21:17:52] [Thread-11/ERROR] (EMI) [EMI] Untranslated tag #accessories:ring
[21:17:52] [Thread-11/ERROR] (EMI) [EMI] Untranslated tag #accessories:spell_book
[21:17:52] [Thread-11/ERROR] (EMI) [EMI] Untranslated tag #accessories:spell_scroll
[21:17:52] [Thread-11/ERROR] (EMI) [EMI] Untranslated tag #accessories:trinket_group_misc-quiver
[21:17:52] [Thread-11/ERROR] (EMI) [EMI] Untranslated tag #accessories:trinket_group_spell-book
[21:17:52] [Thread-11/ERROR] (EMI) [EMI] Untranslated tag #accessories:trinket_group_spell-quiver
[21:17:52] [Thread-11/ERROR] (EMI) [EMI] Untranslated tag #accessories:trinket_group_spell-scroll
[21:17:52] [Thread-11/ERROR] (EMI) [EMI] Untranslated tag #paladins:claymores
[21:17:52] [Thread-11/ERROR] (EMI) [EMI] Untranslated tag #paladins:great_hammers
[21:17:52] [Thread-11/ERROR] (EMI) [EMI] Untranslated tag #paladins:maces
[21:17:52] [Thread-11/ERROR] (EMI) [EMI] Untranslated tag #paladins:melee_weapons
[21:17:52] [Thread-11/ERROR] (EMI) [EMI] Untranslated tag #paladins:paladin_armors
[21:17:52] [Thread-11/ERROR] (EMI) [EMI] Untranslated tag #paladins:priest_robes
[21:17:52] [Thread-11/ERROR] (EMI) [EMI] Untranslated tag #paladins:shields
[21:17:52] [Thread-11/ERROR] (EMI) [EMI] Untranslated tag #paladins:spell_weapons
[21:17:52] [Thread-11/ERROR] (EMI) [EMI] Untranslated tag #paladins:staves
[21:17:52] [Thread-11/ERROR] (EMI) [EMI] Untranslated tag #paladins:wands
[21:17:52] [Thread-11/ERROR] (EMI) [EMI] Untranslated tag #rpg_series:archetype/defense_weapon
[21:17:52] [Thread-11/ERROR] (EMI) [EMI] Untranslated tag #rpg_series:archetype/healing_weapon
[21:17:52] [Thread-11/ERROR] (EMI) [EMI] Untranslated tag #rpg_series:archetype/magic_damage_weapon
[21:17:52] [Thread-11/ERROR] (EMI) [EMI] Untranslated tag #rpg_series:archetype/melee_damage_weapon
[21:17:52] [Thread-11/ERROR] (EMI) [EMI] Untranslated tag #rpg_series:armor_type/magic
[21:17:52] [Thread-11/ERROR] (EMI) [EMI] Untranslated tag #rpg_series:armor_type/melee
[21:17:52] [Thread-11/ERROR] (EMI) [EMI] Untranslated tag #rpg_series:loot_theme/aether
[21:17:52] [Thread-11/ERROR] (EMI) [EMI] Untranslated tag #rpg_series:loot_theme/golden_weapon
[21:17:52] [Thread-11/ERROR] (EMI) [EMI] Untranslated tag #rpg_series:loot_tier/tier_0_weapons
[21:17:52] [Thread-11/ERROR] (EMI) [EMI] Untranslated tag #rpg_series:loot_tier/tier_1_accessories
[21:17:52] [Thread-11/ERROR] (EMI) [EMI] Untranslated tag #rpg_series:loot_tier/tier_1_armors
[21:17:52] [Thread-11/ERROR] (EMI) [EMI] Untranslated tag #rpg_series:loot_tier/tier_1_weapons
[21:17:52] [Thread-11/ERROR] (EMI) [EMI] Untranslated tag #rpg_series:loot_tier/tier_2_accessories
[21:17:52] [Thread-11/ERROR] (EMI) [EMI] Untranslated tag #rpg_series:loot_tier/tier_2_armors
[21:17:52] [Thread-11/ERROR] (EMI) [EMI] Untranslated tag #rpg_series:loot_tier/tier_2_weapons
[21:17:52] [Thread-11/ERROR] (EMI) [EMI] Untranslated tag #rpg_series:loot_tier/tier_3_accessories
[21:17:52] [Thread-11/ERROR] (EMI) [EMI] Untranslated tag #rpg_series:loot_tier/tier_3_armors
[21:17:52] [Thread-11/ERROR] (EMI) [EMI] Untranslated tag #rpg_series:loot_tier/tier_3_weapons
[21:17:52] [Thread-11/ERROR] (EMI) [EMI] Untranslated tag #rpg_series:loot_tier/tier_4_weapons
[21:17:52] [Thread-11/ERROR] (EMI) [EMI] Untranslated tag #rpg_series:weapon_type/claymore
[21:17:52] [Thread-11/ERROR] (EMI) [EMI] Untranslated tag #rpg_series:weapon_type/damage_staff
[21:17:52] [Thread-11/ERROR] (EMI) [EMI] Untranslated tag #rpg_series:weapon_type/damage_wand
[21:17:52] [Thread-11/ERROR] (EMI) [EMI] Untranslated tag #rpg_series:weapon_type/hammer
[21:17:52] [Thread-11/ERROR] (EMI) [EMI] Untranslated tag #rpg_series:weapon_type/healing_staff
[21:17:52] [Thread-11/ERROR] (EMI) [EMI] Untranslated tag #rpg_series:weapon_type/healing_wand
[21:17:52] [Thread-11/ERROR] (EMI) [EMI] Untranslated tag #rpg_series:weapon_type/mace
[21:17:52] [Thread-11/ERROR] (EMI) [EMI] Untranslated tag #rpg_series:weapon_type/shield
[21:17:52] [Thread-11/ERROR] (EMI) [EMI] Untranslated tag #runes:fancy_stone_materials
[21:17:52] [Thread-11/ERROR] (EMI) [EMI] Untranslated tag #runes:pouches
[21:17:52] [Thread-11/ERROR] (EMI) [EMI] Untranslated tag #runes:rune_crafting/base/stone
[21:17:52] [Thread-11/ERROR] (EMI) [EMI] Untranslated tag #runes:rune_crafting/reagent/arcane_medium
[21:17:52] [Thread-11/ERROR] (EMI) [EMI] Untranslated tag #runes:rune_crafting/reagent/arcane_small
[21:17:52] [Thread-11/ERROR] (EMI) [EMI] Untranslated tag #runes:rune_crafting/reagent/fire_medium
[21:17:52] [Thread-11/ERROR] (EMI) [EMI] Untranslated tag #runes:rune_crafting/reagent/fire_small
[21:17:52] [Thread-11/ERROR] (EMI) [EMI] Untranslated tag #runes:rune_crafting/reagent/frost_medium
[21:17:52] [Thread-11/ERROR] (EMI) [EMI] Untranslated tag #runes:rune_crafting/reagent/frost_small
[21:17:52] [Thread-11/ERROR] (EMI) [EMI] Untranslated tag #runes:rune_crafting/reagent/healing_medium
[21:17:52] [Thread-11/ERROR] (EMI) [EMI] Untranslated tag #runes:rune_crafting/reagent/healing_small
[21:17:52] [Thread-11/ERROR] (EMI) [EMI] Untranslated tag #runes:runes
[21:17:52] [Thread-11/ERROR] (EMI) [EMI] Untranslated tag #spell_engine:enchantable/spell_infinity
[21:17:52] [Thread-11/ERROR] (EMI) [EMI] Untranslated tag #spell_engine:grindable
[21:17:52] [Thread-11/ERROR] (EMI) [EMI] Untranslated tag #spell_engine:handheld
[21:17:52] [Thread-11/ERROR] (EMI) [EMI] Untranslated tag #spell_engine:spell_book_mergeable
[21:17:52] [Thread-11/ERROR] (EMI) [EMI] Untranslated tag #spell_engine:spell_books
[21:17:52] [Thread-11/ERROR] (EMI) [EMI] Untranslated tag #spell_power:enchantable/critical_chance
[21:17:52] [Thread-11/ERROR] (EMI) [EMI] Untranslated tag #spell_power:enchantable/critical_damage
[21:17:52] [Thread-11/ERROR] (EMI) [EMI] Untranslated tag #spell_power:enchantable/haste
[21:17:52] [Thread-11/ERROR] (EMI) [EMI] Untranslated tag #spell_power:enchantable/spell_power_energize
[21:17:52] [Thread-11/ERROR] (EMI) [EMI] Untranslated tag #spell_power:enchantable/spell_power_generic
[21:17:52] [Thread-11/ERROR] (EMI) [EMI] Untranslated tag #spell_power:enchantable/spell_power_soulfrost
[21:17:52] [Thread-11/ERROR] (EMI) [EMI] Untranslated tag #spell_power:enchantable/spell_power_specialized
[21:17:52] [Thread-11/ERROR] (EMI) [EMI] Untranslated tag #spell_power:enchantable/spell_power_sunfire
[21:17:52] [Thread-11/ERROR] (EMI) [EMI] Untranslated tag #staminaattributes:continuous_using_costs_stamina
[21:17:52] [Thread-11/ERROR] (EMI) [EMI] Untranslated tag #staminaattributes:using_costs_stamina
[21:17:52] [Thread-11/ERROR] (EMI) [EMI] Untranslated tag #tclayer:all_trinket_items
[21:17:52] [Thread-11/ERROR] (EMI) [EMI] Untranslated tag #trinkets:chest/necklace
[21:17:52] [Thread-11/ERROR] (EMI) [EMI] Untranslated tag #trinkets:hand/ring
[21:17:52] [Thread-11/ERROR] (EMI) [EMI] Untranslated tag #trinkets:misc/quiver
[21:17:52] [Thread-11/ERROR] (EMI) [EMI] Untranslated tag #trinkets:offhand/ring
[21:17:52] [Thread-11/ERROR] (EMI) [EMI] Untranslated tag #trinkets:spell/book
[21:17:52] [Thread-11/ERROR] (EMI) [EMI] Untranslated tag #trinkets:spell/quiver
[21:17:52] [Thread-11/ERROR] (EMI) [EMI] Untranslated tag #trinkets:spell/scroll
[21:17:52] [Thread-11/ERROR] (EMI) [EMI] Untranslated tag #wizards:staves
[21:17:52] [Thread-11/ERROR] (EMI) [EMI] Untranslated tag #wizards:wands
[21:17:52] [Thread-11/ERROR] (EMI) [EMI] Untranslated tag #wizards:wizard_robes
[21:17:52] [Thread-11/ERROR] (EMI) [EMI] Untranslated tag #wizards:wizard_runes
[21:17:52] [Thread-11/INFO] (EMI) [EMI]  Tag warning can be disabled in the config, EMI docs describe how to add a translation or exclude tags.
[21:17:52] [Thread-11/INFO] (EMI) [EMI] Constructing index
[21:17:52] [Thread-11/INFO] (EMI) [EMI] Reloading item groups on client thread...
[21:17:52] [Render thread/INFO] (FTB Chunks) Loading FTB Chunks client data from world 3f1762cc-26dc-48c0-9b02-daf72b0cd9bd
[21:17:52] [Render thread/INFO] (FTB Quests) received translation table en_us (with 12 entries) from server
[21:17:52] [Render thread/INFO] (FTB Library) received server config settings for config: ftbchunks-world
[21:17:52] [Render thread/INFO] (FTB Library) config has been updated! server = false - clear any cached data etc. here
[21:17:52] [Render thread/INFO] (FTB Library) received server config settings for config: ftblibrary-server
[21:17:52] [Server thread/INFO] (owo) Receiving client config
[21:17:53] [Thread-11/INFO] (EMI) [EMI] Reloading item groups on client thread took 398ms
[21:17:53] [Render thread/INFO] (Minecraft) Loaded 15 advancements
[21:17:53] [Thread-11/INFO] (EMI) [EMI] Loading plugin from emi
[21:17:54] [Thread-11/INFO] (EMI) [EMI] Reloaded plugin from emi in 882ms
[21:17:54] [Thread-11/INFO] (EMI) [EMI] Loading plugin from accessories
[21:17:54] [Thread-11/INFO] (EMI) [EMI] Reloaded plugin from accessories in 1ms
[21:17:54] [Thread-11/INFO] (EMI) [EMI] Loading plugin from tclayer
[21:17:54] [Thread-11/INFO] (EMI) [EMI] Reloaded plugin from tclayer in 1ms
[21:17:54] [Thread-11/INFO] (EMI) [EMI] Loading plugin from ftblibrary
[21:17:54] [Thread-11/INFO] (EMI) [EMI] Reloaded plugin from ftblibrary in 1ms
[21:17:54] [Thread-11/INFO] (EMI) [EMI] Loading plugin from owo
[21:17:54] [Thread-11/INFO] (EMI) [EMI] Reloaded plugin from owo in 0ms
[21:17:54] [Thread-11/INFO] (EMI) [EMI] Baking index
[21:17:54] [Thread-11/INFO] (EMI) [EMI] Registering late recipes
[21:17:54] [Thread-11/INFO] (EMI) [EMI] Baking recipes
[21:17:54] [Thread-11/INFO] (EMI) [EMI] Baked 6018 recipes in 260ms
[21:17:54] [Thread-11/INFO] (EMI) [EMI] Baking search
[21:17:54] [Thread-13/INFO] (EMI) [EMI] Baked recipes after reload in 153ms
[21:17:55] [Thread-11/INFO] (EMI) [EMI] Finishing up
[21:17:55] [Thread-11/INFO] (EMI) [EMI] Reloaded EMI in 3250ms
[21:17:56] [Server thread/INFO] (Minecraft) Saving and pausing game...
[21:17:56] [Server thread/INFO] (Minecraft) Saving chunks for level 'ServerLevel[New World]'/minecraft:overworld
[21:17:56] [Server thread/INFO] (Minecraft) Saving chunks for level 'ServerLevel[New World]'/minecraft:the_nether
[21:17:56] [Server thread/INFO] (Minecraft) Saving chunks for level 'ServerLevel[New World]'/minecraft:the_end
[21:18:34] [Render thread/INFO] (Minecraft) Stopping!
[21:18:34] [Server thread/INFO] (Minecraft) Player354 lost connection: Disconnected
[21:18:34] [Server thread/INFO] (Minecraft) Player354 left the game
[21:18:34] [Server thread/INFO] (Minecraft) Stopping singleplayer server as player logged out
[21:18:34] [Server thread/INFO] (Minecraft) Stopping server
[21:18:34] [Server thread/INFO] (Minecraft) Saving players
[21:18:34] [Server thread/INFO] (Minecraft) Saving worlds
[21:18:34] [Server thread/INFO] (Minecraft) Saving chunks for level 'ServerLevel[New World]'/minecraft:overworld
[21:18:34] [Server thread/INFO] (Minecraft) Saving chunks for level 'ServerLevel[New World]'/minecraft:the_nether
[21:18:35] [Server thread/INFO] (Minecraft) Saving chunks for level 'ServerLevel[New World]'/minecraft:the_end
[21:18:35] [Server thread/INFO] (Minecraft) ThreadedAnvilChunkStorage (New World): All chunks are saved
[21:18:35] [Server thread/INFO] (Minecraft) ThreadedAnvilChunkStorage (DIM-1): All chunks are saved
[21:18:35] [Server thread/INFO] (Minecraft) ThreadedAnvilChunkStorage (DIM1): All chunks are saved
[21:18:35] [Server thread/INFO] (Minecraft) ThreadedAnvilChunkStorage: All dimensions are saved
[21:18:35] [Render thread/INFO] (FTB Chunks) Shutting down map thread
